{"/home/joaopedro/ProjetoOncoMap/2025-2-OncoMap/Oncomap/backend/src/api/controllers/reportController.js": {"path":"/home/joaopedro/ProjetoOncoMap/2025-2-OncoMap/Oncomap/backend/src/api/controllers/reportController.js","statementMap":{"0":{"start":{"line":1,"column":11},"end":{"line":1,"column":43}},"1":{"start":{"line":2,"column":30},"end":{"line":2,"column":62}},"2":{"start":{"line":3,"column":31},"end":{"line":3,"column":63}},"3":{"start":{"line":4,"column":12},"end":{"line":4,"column":36}},"4":{"start":{"line":5,"column":0},"end":{"line":5,"column":27}},"5":{"start":{"line":7,"column":14},"end":{"line":7,"column":64}},"6":{"start":{"line":8,"column":14},"end":{"line":8,"column":74}},"7":{"start":{"line":10,"column":12},"end":{"line":10,"column":88}},"8":{"start":{"line":10,"column":21},"end":{"line":10,"column":88}},"9":{"start":{"line":12,"column":23},"end":{"line":14,"column":2}},"10":{"start":{"line":12,"column":30},"end":{"line":14,"column":1}},"11":{"start":{"line":16,"column":33},"end":{"line":33,"column":1}},"12":{"start":{"line":17,"column":4},"end":{"line":17,"column":28}},"13":{"start":{"line":17,"column":19},"end":{"line":17,"column":28}},"14":{"start":{"line":18,"column":17},"end":{"line":18,"column":55}},"15":{"start":{"line":19,"column":19},"end":{"line":19,"column":57}},"16":{"start":{"line":20,"column":19},"end":{"line":20,"column":65}},"17":{"start":{"line":21,"column":18},"end":{"line":21,"column":58}},"18":{"start":{"line":22,"column":21},"end":{"line":22,"column":63}},"19":{"start":{"line":23,"column":20},"end":{"line":23,"column":65}},"20":{"start":{"line":25,"column":4},"end":{"line":25,"column":32}},"21":{"start":{"line":26,"column":4},"end":{"line":26,"column":34}},"22":{"start":{"line":27,"column":4},"end":{"line":27,"column":27}},"23":{"start":{"line":28,"column":4},"end":{"line":28,"column":29}},"24":{"start":{"line":29,"column":4},"end":{"line":29,"column":31}},"25":{"start":{"line":30,"column":4},"end":{"line":30,"column":29}},"26":{"start":{"line":32,"column":4},"end":{"line":32,"column":63}},"27":{"start":{"line":35,"column":28},"end":{"line":41,"column":1}},"28":{"start":{"line":36,"column":27},"end":{"line":36,"column":61}},"29":{"start":{"line":37,"column":4},"end":{"line":37,"column":77}},"30":{"start":{"line":37,"column":45},"end":{"line":37,"column":77}},"31":{"start":{"line":38,"column":22},"end":{"line":38,"column":41}},"32":{"start":{"line":39,"column":4},"end":{"line":39,"column":86}},"33":{"start":{"line":39,"column":26},"end":{"line":39,"column":86}},"34":{"start":{"line":40,"column":4},"end":{"line":40,"column":67}},"35":{"start":{"line":44,"column":18},"end":{"line":98,"column":1}},"36":{"start":{"line":45,"column":22},"end":{"line":87,"column":5}},"37":{"start":{"line":89,"column":20},"end":{"line":95,"column":5}},"38":{"start":{"line":97,"column":4},"end":{"line":97,"column":60}},"39":{"start":{"line":101,"column":29},"end":{"line":183,"column":1}},"40":{"start":{"line":102,"column":27},"end":{"line":102,"column":37}},"41":{"start":{"line":103,"column":19},"end":{"line":103,"column":48}},"42":{"start":{"line":104,"column":4},"end":{"line":104,"column":88}},"43":{"start":{"line":104,"column":29},"end":{"line":104,"column":88}},"44":{"start":{"line":106,"column":4},"end":{"line":182,"column":5}},"45":{"start":{"line":107,"column":25},"end":{"line":107,"column":392}},"46":{"start":{"line":108,"column":34},"end":{"line":108,"column":68}},"47":{"start":{"line":110,"column":28},"end":{"line":110,"column":30}},"48":{"start":{"line":111,"column":25},"end":{"line":111,"column":26}},"49":{"start":{"line":112,"column":33},"end":{"line":112,"column":49}},"50":{"start":{"line":114,"column":8},"end":{"line":129,"column":11}},"51":{"start":{"line":115,"column":24},"end":{"line":115,"column":47}},"52":{"start":{"line":116,"column":26},"end":{"line":116,"column":47}},"53":{"start":{"line":117,"column":29},"end":{"line":117,"column":75}},"54":{"start":{"line":118,"column":12},"end":{"line":118,"column":32}},"55":{"start":{"line":119,"column":29},"end":{"line":119,"column":81}},"56":{"start":{"line":120,"column":12},"end":{"line":120,"column":89}},"57":{"start":{"line":120,"column":43},"end":{"line":120,"column":89}},"58":{"start":{"line":122,"column":12},"end":{"line":122,"column":110}},"59":{"start":{"line":122,"column":35},"end":{"line":122,"column":110}},"60":{"start":{"line":123,"column":12},"end":{"line":123,"column":44}},"61":{"start":{"line":124,"column":27},"end":{"line":124,"column":90}},"62":{"start":{"line":125,"column":12},"end":{"line":125,"column":96}},"63":{"start":{"line":125,"column":41},"end":{"line":125,"column":96}},"64":{"start":{"line":127,"column":12},"end":{"line":127,"column":100}},"65":{"start":{"line":127,"column":57},"end":{"line":127,"column":100}},"66":{"start":{"line":128,"column":12},"end":{"line":128,"column":60}},"67":{"start":{"line":131,"column":28},"end":{"line":136,"column":10}},"68":{"start":{"line":138,"column":23},"end":{"line":173,"column":9}},"69":{"start":{"line":175,"column":23},"end":{"line":175,"column":58}},"70":{"start":{"line":176,"column":26},"end":{"line":176,"column":86}},"71":{"start":{"line":177,"column":8},"end":{"line":177,"column":57}},"72":{"start":{"line":178,"column":8},"end":{"line":178,"column":28}},"73":{"start":{"line":180,"column":8},"end":{"line":180,"column":49}},"74":{"start":{"line":181,"column":8},"end":{"line":181,"column":62}},"75":{"start":{"line":186,"column":28},"end":{"line":263,"column":1}},"76":{"start":{"line":187,"column":19},"end":{"line":187,"column":29}},"77":{"start":{"line":188,"column":4},"end":{"line":262,"column":5}},"78":{"start":{"line":189,"column":22},"end":{"line":189,"column":393}},"79":{"start":{"line":190,"column":25},"end":{"line":190,"column":66}},"80":{"start":{"line":191,"column":8},"end":{"line":191,"column":84}},"81":{"start":{"line":191,"column":31},"end":{"line":191,"column":84}},"82":{"start":{"line":193,"column":28},"end":{"line":193,"column":30}},"83":{"start":{"line":194,"column":25},"end":{"line":194,"column":26}},"84":{"start":{"line":195,"column":33},"end":{"line":195,"column":49}},"85":{"start":{"line":197,"column":8},"end":{"line":212,"column":11}},"86":{"start":{"line":198,"column":24},"end":{"line":198,"column":45}},"87":{"start":{"line":199,"column":24},"end":{"line":199,"column":47}},"88":{"start":{"line":200,"column":29},"end":{"line":200,"column":75}},"89":{"start":{"line":201,"column":12},"end":{"line":201,"column":30}},"90":{"start":{"line":202,"column":29},"end":{"line":202,"column":81}},"91":{"start":{"line":203,"column":12},"end":{"line":203,"column":85}},"92":{"start":{"line":203,"column":41},"end":{"line":203,"column":85}},"93":{"start":{"line":205,"column":12},"end":{"line":205,"column":113}},"94":{"start":{"line":205,"column":35},"end":{"line":205,"column":113}},"95":{"start":{"line":206,"column":12},"end":{"line":206,"column":42}},"96":{"start":{"line":207,"column":27},"end":{"line":207,"column":90}},"97":{"start":{"line":208,"column":12},"end":{"line":208,"column":92}},"98":{"start":{"line":208,"column":39},"end":{"line":208,"column":92}},"99":{"start":{"line":210,"column":12},"end":{"line":210,"column":124}},"100":{"start":{"line":210,"column":69},"end":{"line":210,"column":124}},"101":{"start":{"line":211,"column":12},"end":{"line":211,"column":70}},"102":{"start":{"line":214,"column":28},"end":{"line":219,"column":10}},"103":{"start":{"line":221,"column":23},"end":{"line":253,"column":9}},"104":{"start":{"line":255,"column":23},"end":{"line":255,"column":58}},"105":{"start":{"line":256,"column":26},"end":{"line":256,"column":86}},"106":{"start":{"line":257,"column":8},"end":{"line":257,"column":57}},"107":{"start":{"line":258,"column":8},"end":{"line":258,"column":28}},"108":{"start":{"line":260,"column":8},"end":{"line":260,"column":49}},"109":{"start":{"line":261,"column":8},"end":{"line":261,"column":62}},"110":{"start":{"line":266,"column":35},"end":{"line":330,"column":1}},"111":{"start":{"line":267,"column":21},"end":{"line":267,"column":31}},"112":{"start":{"line":268,"column":4},"end":{"line":329,"column":5}},"113":{"start":{"line":269,"column":22},"end":{"line":269,"column":417}},"114":{"start":{"line":270,"column":25},"end":{"line":270,"column":54}},"115":{"start":{"line":271,"column":8},"end":{"line":271,"column":84}},"116":{"start":{"line":271,"column":31},"end":{"line":271,"column":84}},"117":{"start":{"line":273,"column":28},"end":{"line":273,"column":30}},"118":{"start":{"line":274,"column":25},"end":{"line":274,"column":26}},"119":{"start":{"line":275,"column":33},"end":{"line":275,"column":49}},"120":{"start":{"line":277,"column":8},"end":{"line":289,"column":11}},"121":{"start":{"line":278,"column":24},"end":{"line":278,"column":45}},"122":{"start":{"line":279,"column":24},"end":{"line":279,"column":47}},"123":{"start":{"line":280,"column":29},"end":{"line":280,"column":75}},"124":{"start":{"line":281,"column":12},"end":{"line":281,"column":30}},"125":{"start":{"line":282,"column":29},"end":{"line":282,"column":81}},"126":{"start":{"line":283,"column":12},"end":{"line":283,"column":85}},"127":{"start":{"line":283,"column":41},"end":{"line":283,"column":85}},"128":{"start":{"line":285,"column":12},"end":{"line":285,"column":97}},"129":{"start":{"line":285,"column":35},"end":{"line":285,"column":97}},"130":{"start":{"line":286,"column":12},"end":{"line":286,"column":42}},"131":{"start":{"line":287,"column":27},"end":{"line":287,"column":90}},"132":{"start":{"line":288,"column":12},"end":{"line":288,"column":92}},"133":{"start":{"line":288,"column":39},"end":{"line":288,"column":92}},"134":{"start":{"line":291,"column":23},"end":{"line":320,"column":9}},"135":{"start":{"line":322,"column":23},"end":{"line":322,"column":58}},"136":{"start":{"line":323,"column":26},"end":{"line":323,"column":86}},"137":{"start":{"line":324,"column":8},"end":{"line":324,"column":57}},"138":{"start":{"line":325,"column":8},"end":{"line":325,"column":28}},"139":{"start":{"line":327,"column":8},"end":{"line":327,"column":52}},"140":{"start":{"line":328,"column":8},"end":{"line":328,"column":62}},"141":{"start":{"line":332,"column":0},"end":{"line":332,"column":91}}},"fnMap":{"0":{"name":"(anonymous_0)","decl":{"start":{"line":10,"column":12},"end":{"line":10,"column":13}},"loc":{"start":{"line":10,"column":21},"end":{"line":10,"column":88}},"line":10},"1":{"name":"(anonymous_1)","decl":{"start":{"line":12,"column":23},"end":{"line":12,"column":24}},"loc":{"start":{"line":12,"column":30},"end":{"line":14,"column":1}},"line":12},"2":{"name":"(anonymous_2)","decl":{"start":{"line":16,"column":33},"end":{"line":16,"column":34}},"loc":{"start":{"line":16,"column":55},"end":{"line":33,"column":1}},"line":16},"3":{"name":"(anonymous_3)","decl":{"start":{"line":35,"column":28},"end":{"line":35,"column":29}},"loc":{"start":{"line":35,"column":38},"end":{"line":41,"column":1}},"line":35},"4":{"name":"(anonymous_4)","decl":{"start":{"line":44,"column":18},"end":{"line":44,"column":19}},"loc":{"start":{"line":44,"column":41},"end":{"line":98,"column":1}},"line":44},"5":{"name":"(anonymous_5)","decl":{"start":{"line":101,"column":29},"end":{"line":101,"column":30}},"loc":{"start":{"line":101,"column":49},"end":{"line":183,"column":1}},"line":101},"6":{"name":"(anonymous_6)","decl":{"start":{"line":114,"column":24},"end":{"line":114,"column":25}},"loc":{"start":{"line":114,"column":31},"end":{"line":129,"column":9}},"line":114},"7":{"name":"(anonymous_7)","decl":{"start":{"line":186,"column":28},"end":{"line":186,"column":29}},"loc":{"start":{"line":186,"column":48},"end":{"line":263,"column":1}},"line":186},"8":{"name":"(anonymous_8)","decl":{"start":{"line":197,"column":21},"end":{"line":197,"column":22}},"loc":{"start":{"line":197,"column":28},"end":{"line":212,"column":9}},"line":197},"9":{"name":"(anonymous_9)","decl":{"start":{"line":266,"column":35},"end":{"line":266,"column":36}},"loc":{"start":{"line":266,"column":55},"end":{"line":330,"column":1}},"line":266},"10":{"name":"(anonymous_10)","decl":{"start":{"line":277,"column":21},"end":{"line":277,"column":22}},"loc":{"start":{"line":277,"column":28},"end":{"line":289,"column":9}},"line":277}},"branchMap":{"0":{"loc":{"start":{"line":17,"column":4},"end":{"line":17,"column":28}},"type":"if","locations":[{"start":{"line":17,"column":4},"end":{"line":17,"column":28}},{"start":{},"end":{}}],"line":17},"1":{"loc":{"start":{"line":18,"column":28},"end":{"line":18,"column":54}},"type":"binary-expr","locations":[{"start":{"line":18,"column":28},"end":{"line":18,"column":49}},{"start":{"line":18,"column":53},"end":{"line":18,"column":54}}],"line":18},"2":{"loc":{"start":{"line":19,"column":30},"end":{"line":19,"column":56}},"type":"binary-expr","locations":[{"start":{"line":19,"column":30},"end":{"line":19,"column":51}},{"start":{"line":19,"column":55},"end":{"line":19,"column":56}}],"line":19},"3":{"loc":{"start":{"line":20,"column":30},"end":{"line":20,"column":64}},"type":"binary-expr","locations":[{"start":{"line":20,"column":30},"end":{"line":20,"column":59}},{"start":{"line":20,"column":63},"end":{"line":20,"column":64}}],"line":20},"4":{"loc":{"start":{"line":21,"column":29},"end":{"line":21,"column":57}},"type":"binary-expr","locations":[{"start":{"line":21,"column":29},"end":{"line":21,"column":52}},{"start":{"line":21,"column":56},"end":{"line":21,"column":57}}],"line":21},"5":{"loc":{"start":{"line":22,"column":32},"end":{"line":22,"column":62}},"type":"binary-expr","locations":[{"start":{"line":22,"column":32},"end":{"line":22,"column":57}},{"start":{"line":22,"column":61},"end":{"line":22,"column":62}}],"line":22},"6":{"loc":{"start":{"line":23,"column":31},"end":{"line":23,"column":64}},"type":"binary-expr","locations":[{"start":{"line":23,"column":31},"end":{"line":23,"column":59}},{"start":{"line":23,"column":63},"end":{"line":23,"column":64}}],"line":23},"7":{"loc":{"start":{"line":37,"column":4},"end":{"line":37,"column":77}},"type":"if","locations":[{"start":{"line":37,"column":4},"end":{"line":37,"column":77}},{"start":{},"end":{}}],"line":37},"8":{"loc":{"start":{"line":37,"column":8},"end":{"line":37,"column":43}},"type":"binary-expr","locations":[{"start":{"line":37,"column":8},"end":{"line":37,"column":22}},{"start":{"line":37,"column":26},"end":{"line":37,"column":43}}],"line":37},"9":{"loc":{"start":{"line":39,"column":4},"end":{"line":39,"column":86}},"type":"if","locations":[{"start":{"line":39,"column":4},"end":{"line":39,"column":86}},{"start":{},"end":{}}],"line":39},"10":{"loc":{"start":{"line":93,"column":24},"end":{"line":93,"column":69}},"type":"binary-expr","locations":[{"start":{"line":93,"column":24},"end":{"line":93,"column":61}},{"start":{"line":93,"column":65},"end":{"line":93,"column":69}}],"line":93},"11":{"loc":{"start":{"line":104,"column":4},"end":{"line":104,"column":88}},"type":"if","locations":[{"start":{"line":104,"column":4},"end":{"line":104,"column":88}},{"start":{},"end":{}}],"line":104},"12":{"loc":{"start":{"line":115,"column":24},"end":{"line":115,"column":47}},"type":"binary-expr","locations":[{"start":{"line":115,"column":24},"end":{"line":115,"column":31}},{"start":{"line":115,"column":35},"end":{"line":115,"column":47}}],"line":115},"13":{"loc":{"start":{"line":117,"column":29},"end":{"line":117,"column":75}},"type":"binary-expr","locations":[{"start":{"line":117,"column":29},"end":{"line":117,"column":52}},{"start":{"line":117,"column":56},"end":{"line":117,"column":75}}],"line":117},"14":{"loc":{"start":{"line":120,"column":12},"end":{"line":120,"column":89}},"type":"if","locations":[{"start":{"line":120,"column":12},"end":{"line":120,"column":89}},{"start":{},"end":{}}],"line":120},"15":{"loc":{"start":{"line":122,"column":12},"end":{"line":122,"column":110}},"type":"if","locations":[{"start":{"line":122,"column":12},"end":{"line":122,"column":110}},{"start":{},"end":{}}],"line":122},"16":{"loc":{"start":{"line":125,"column":12},"end":{"line":125,"column":96}},"type":"if","locations":[{"start":{"line":125,"column":12},"end":{"line":125,"column":96}},{"start":{},"end":{}}],"line":125},"17":{"loc":{"start":{"line":127,"column":12},"end":{"line":127,"column":100}},"type":"if","locations":[{"start":{"line":127,"column":12},"end":{"line":127,"column":100}},{"start":{},"end":{}}],"line":127},"18":{"loc":{"start":{"line":191,"column":8},"end":{"line":191,"column":84}},"type":"if","locations":[{"start":{"line":191,"column":8},"end":{"line":191,"column":84}},{"start":{},"end":{}}],"line":191},"19":{"loc":{"start":{"line":199,"column":24},"end":{"line":199,"column":47}},"type":"binary-expr","locations":[{"start":{"line":199,"column":24},"end":{"line":199,"column":31}},{"start":{"line":199,"column":35},"end":{"line":199,"column":47}}],"line":199},"20":{"loc":{"start":{"line":200,"column":29},"end":{"line":200,"column":75}},"type":"binary-expr","locations":[{"start":{"line":200,"column":29},"end":{"line":200,"column":52}},{"start":{"line":200,"column":56},"end":{"line":200,"column":75}}],"line":200},"21":{"loc":{"start":{"line":203,"column":12},"end":{"line":203,"column":85}},"type":"if","locations":[{"start":{"line":203,"column":12},"end":{"line":203,"column":85}},{"start":{},"end":{}}],"line":203},"22":{"loc":{"start":{"line":205,"column":12},"end":{"line":205,"column":113}},"type":"if","locations":[{"start":{"line":205,"column":12},"end":{"line":205,"column":113}},{"start":{},"end":{}}],"line":205},"23":{"loc":{"start":{"line":208,"column":12},"end":{"line":208,"column":92}},"type":"if","locations":[{"start":{"line":208,"column":12},"end":{"line":208,"column":92}},{"start":{},"end":{}}],"line":208},"24":{"loc":{"start":{"line":210,"column":12},"end":{"line":210,"column":124}},"type":"if","locations":[{"start":{"line":210,"column":12},"end":{"line":210,"column":124}},{"start":{},"end":{}}],"line":210},"25":{"loc":{"start":{"line":271,"column":8},"end":{"line":271,"column":84}},"type":"if","locations":[{"start":{"line":271,"column":8},"end":{"line":271,"column":84}},{"start":{},"end":{}}],"line":271},"26":{"loc":{"start":{"line":279,"column":24},"end":{"line":279,"column":47}},"type":"binary-expr","locations":[{"start":{"line":279,"column":24},"end":{"line":279,"column":31}},{"start":{"line":279,"column":35},"end":{"line":279,"column":47}}],"line":279},"27":{"loc":{"start":{"line":280,"column":29},"end":{"line":280,"column":75}},"type":"binary-expr","locations":[{"start":{"line":280,"column":29},"end":{"line":280,"column":52}},{"start":{"line":280,"column":56},"end":{"line":280,"column":75}}],"line":280},"28":{"loc":{"start":{"line":283,"column":12},"end":{"line":283,"column":85}},"type":"if","locations":[{"start":{"line":283,"column":12},"end":{"line":283,"column":85}},{"start":{},"end":{}}],"line":283},"29":{"loc":{"start":{"line":285,"column":12},"end":{"line":285,"column":97}},"type":"if","locations":[{"start":{"line":285,"column":12},"end":{"line":285,"column":97}},{"start":{},"end":{}}],"line":285},"30":{"loc":{"start":{"line":288,"column":12},"end":{"line":288,"column":92}},"type":"if","locations":[{"start":{"line":288,"column":12},"end":{"line":288,"column":92}},{"start":{},"end":{}}],"line":288}},"s":{"0":1,"1":1,"2":1,"3":1,"4":1,"5":1,"6":1,"7":1,"8":6,"9":1,"10":6,"11":1,"12":6,"13":6,"14":0,"15":0,"16":0,"17":0,"18":0,"19":0,"20":0,"21":0,"22":0,"23":0,"24":0,"25":0,"26":0,"27":1,"28":3,"29":3,"30":0,"31":3,"32":3,"33":1,"34":2,"35":1,"36":3,"37":3,"38":3,"39":1,"40":2,"41":2,"42":2,"43":1,"44":1,"45":1,"46":1,"47":1,"48":1,"49":1,"50":1,"51":1,"52":1,"53":1,"54":1,"55":1,"56":1,"57":0,"58":1,"59":1,"60":1,"61":1,"62":1,"63":0,"64":1,"65":1,"66":1,"67":1,"68":1,"69":1,"70":1,"71":1,"72":1,"73":0,"74":0,"75":1,"76":1,"77":1,"78":1,"79":1,"80":1,"81":0,"82":1,"83":1,"84":1,"85":1,"86":1,"87":1,"88":1,"89":1,"90":1,"91":1,"92":0,"93":1,"94":1,"95":1,"96":1,"97":1,"98":0,"99":1,"100":1,"101":1,"102":1,"103":1,"104":1,"105":1,"106":1,"107":1,"108":0,"109":0,"110":1,"111":1,"112":1,"113":1,"114":1,"115":1,"116":0,"117":1,"118":1,"119":1,"120":1,"121":1,"122":1,"123":1,"124":1,"125":1,"126":1,"127":0,"128":1,"129":1,"130":1,"131":1,"132":1,"133":0,"134":1,"135":1,"136":1,"137":1,"138":1,"139":0,"140":0,"141":1},"f":{"0":6,"1":6,"2":6,"3":3,"4":3,"5":2,"6":1,"7":1,"8":1,"9":1,"10":1},"b":{"0":[6,0],"1":[0,0],"2":[0,0],"3":[0,0],"4":[0,0],"5":[0,0],"6":[0,0],"7":[0,3],"8":[3,0],"9":[1,2],"10":[3,3],"11":[1,1],"12":[1,1],"13":[1,1],"14":[0,1],"15":[1,0],"16":[0,1],"17":[1,0],"18":[0,1],"19":[1,1],"20":[1,1],"21":[0,1],"22":[1,0],"23":[0,1],"24":[1,0],"25":[0,1],"26":[1,1],"27":[1,1],"28":[0,1],"29":[1,0],"30":[0,1]},"_coverageSchema":"1a1c01bbd47fc00a2c39e90264f33305004495a9","hash":"ec1a4eea72a09b138128d8068b109bf0a5429f04"}
,"/home/joaopedro/ProjetoOncoMap/2025-2-OncoMap/Oncomap/backend/src/api/controllers/statsController.js": {"path":"/home/joaopedro/ProjetoOncoMap/2025-2-OncoMap/Oncomap/backend/src/api/controllers/statsController.js","statementMap":{"0":{"start":{"line":2,"column":11},"end":{"line":2,"column":43}},"1":{"start":{"line":5,"column":24},"end":{"line":57,"column":1}},"2":{"start":{"line":6,"column":4},"end":{"line":56,"column":5}},"3":{"start":{"line":8,"column":28},"end":{"line":16,"column":9}},"4":{"start":{"line":19,"column":36},"end":{"line":29,"column":9}},"5":{"start":{"line":31,"column":53},"end":{"line":34,"column":10}},"6":{"start":{"line":36,"column":27},"end":{"line":36,"column":29}},"7":{"start":{"line":37,"column":8},"end":{"line":39,"column":11}},"8":{"start":{"line":38,"column":12},"end":{"line":38,"column":72}},"9":{"start":{"line":41,"column":35},"end":{"line":46,"column":11}},"10":{"start":{"line":41,"column":73},"end":{"line":46,"column":9}},"11":{"start":{"line":48,"column":8},"end":{"line":51,"column":11}},"12":{"start":{"line":54,"column":8},"end":{"line":54,"column":68}},"13":{"start":{"line":55,"column":8},"end":{"line":55,"column":83}},"14":{"start":{"line":60,"column":30},"end":{"line":97,"column":1}},"15":{"start":{"line":61,"column":19},"end":{"line":61,"column":29}},"16":{"start":{"line":63,"column":4},"end":{"line":96,"column":5}},"17":{"start":{"line":64,"column":22},"end":{"line":73,"column":9}},"18":{"start":{"line":75,"column":25},"end":{"line":75,"column":66}},"19":{"start":{"line":77,"column":8},"end":{"line":79,"column":9}},"20":{"start":{"line":78,"column":12},"end":{"line":78,"column":97}},"21":{"start":{"line":81,"column":27},"end":{"line":81,"column":90}},"22":{"start":{"line":81,"column":53},"end":{"line":81,"column":86}},"23":{"start":{"line":83,"column":8},"end":{"line":91,"column":11}},"24":{"start":{"line":86,"column":45},"end":{"line":90,"column":13}},"25":{"start":{"line":94,"column":8},"end":{"line":94,"column":61}},"26":{"start":{"line":95,"column":8},"end":{"line":95,"column":57}},"27":{"start":{"line":100,"column":37},"end":{"line":164,"column":1}},"28":{"start":{"line":101,"column":21},"end":{"line":101,"column":31}},"29":{"start":{"line":103,"column":4},"end":{"line":163,"column":5}},"30":{"start":{"line":104,"column":22},"end":{"line":115,"column":9}},"31":{"start":{"line":117,"column":25},"end":{"line":117,"column":54}},"32":{"start":{"line":119,"column":8},"end":{"line":121,"column":9}},"33":{"start":{"line":120,"column":12},"end":{"line":120,"column":100}},"34":{"start":{"line":123,"column":34},"end":{"line":130,"column":9}},"35":{"start":{"line":132,"column":8},"end":{"line":142,"column":11}},"36":{"start":{"line":133,"column":29},"end":{"line":133,"column":48}},"37":{"start":{"line":134,"column":12},"end":{"line":141,"column":13}},"38":{"start":{"line":135,"column":16},"end":{"line":135,"column":89}},"39":{"start":{"line":136,"column":16},"end":{"line":136,"column":89}},"40":{"start":{"line":137,"column":16},"end":{"line":137,"column":105}},"41":{"start":{"line":138,"column":16},"end":{"line":138,"column":93}},"42":{"start":{"line":139,"column":16},"end":{"line":139,"column":103}},"43":{"start":{"line":140,"column":16},"end":{"line":140,"column":97}},"44":{"start":{"line":144,"column":30},"end":{"line":144,"column":103}},"45":{"start":{"line":144,"column":56},"end":{"line":144,"column":99}},"46":{"start":{"line":146,"column":8},"end":{"line":158,"column":11}},"47":{"start":{"line":152,"column":59},"end":{"line":157,"column":13}},"48":{"start":{"line":161,"column":8},"end":{"line":161,"column":66}},"49":{"start":{"line":162,"column":8},"end":{"line":162,"column":57}},"50":{"start":{"line":167,"column":0},"end":{"line":171,"column":2}}},"fnMap":{"0":{"name":"(anonymous_0)","decl":{"start":{"line":5,"column":24},"end":{"line":5,"column":25}},"loc":{"start":{"line":5,"column":44},"end":{"line":57,"column":1}},"line":5},"1":{"name":"(anonymous_1)","decl":{"start":{"line":37,"column":34},"end":{"line":37,"column":35}},"loc":{"start":{"line":37,"column":41},"end":{"line":39,"column":9}},"line":37},"2":{"name":"(anonymous_2)","decl":{"start":{"line":41,"column":65},"end":{"line":41,"column":66}},"loc":{"start":{"line":41,"column":73},"end":{"line":46,"column":9}},"line":41},"3":{"name":"(anonymous_3)","decl":{"start":{"line":60,"column":30},"end":{"line":60,"column":31}},"loc":{"start":{"line":60,"column":50},"end":{"line":97,"column":1}},"line":60},"4":{"name":"(anonymous_4)","decl":{"start":{"line":81,"column":39},"end":{"line":81,"column":40}},"loc":{"start":{"line":81,"column":53},"end":{"line":81,"column":86}},"line":81},"5":{"name":"(anonymous_5)","decl":{"start":{"line":86,"column":37},"end":{"line":86,"column":38}},"loc":{"start":{"line":86,"column":45},"end":{"line":90,"column":13}},"line":86},"6":{"name":"(anonymous_6)","decl":{"start":{"line":100,"column":37},"end":{"line":100,"column":38}},"loc":{"start":{"line":100,"column":57},"end":{"line":164,"column":1}},"line":100},"7":{"name":"(anonymous_7)","decl":{"start":{"line":132,"column":21},"end":{"line":132,"column":22}},"loc":{"start":{"line":132,"column":28},"end":{"line":142,"column":9}},"line":132},"8":{"name":"(anonymous_8)","decl":{"start":{"line":144,"column":42},"end":{"line":144,"column":43}},"loc":{"start":{"line":144,"column":56},"end":{"line":144,"column":99}},"line":144},"9":{"name":"(anonymous_9)","decl":{"start":{"line":152,"column":51},"end":{"line":152,"column":52}},"loc":{"start":{"line":152,"column":59},"end":{"line":157,"column":13}},"line":152}},"branchMap":{"0":{"loc":{"start":{"line":38,"column":50},"end":{"line":38,"column":70}},"type":"binary-expr","locations":[{"start":{"line":38,"column":50},"end":{"line":38,"column":65}},{"start":{"line":38,"column":69},"end":{"line":38,"column":70}}],"line":38},"1":{"loc":{"start":{"line":45,"column":30},"end":{"line":45,"column":50}},"type":"binary-expr","locations":[{"start":{"line":45,"column":30},"end":{"line":45,"column":45}},{"start":{"line":45,"column":49},"end":{"line":45,"column":50}}],"line":45},"2":{"loc":{"start":{"line":77,"column":8},"end":{"line":79,"column":9}},"type":"if","locations":[{"start":{"line":77,"column":8},"end":{"line":79,"column":9}},{"start":{},"end":{}}],"line":77},"3":{"loc":{"start":{"line":119,"column":8},"end":{"line":121,"column":9}},"type":"if","locations":[{"start":{"line":119,"column":8},"end":{"line":121,"column":9}},{"start":{},"end":{}}],"line":119},"4":{"loc":{"start":{"line":134,"column":12},"end":{"line":141,"column":13}},"type":"if","locations":[{"start":{"line":134,"column":12},"end":{"line":141,"column":13}},{"start":{},"end":{}}],"line":134},"5":{"loc":{"start":{"line":135,"column":61},"end":{"line":135,"column":87}},"type":"binary-expr","locations":[{"start":{"line":135,"column":61},"end":{"line":135,"column":82}},{"start":{"line":135,"column":86},"end":{"line":135,"column":87}}],"line":135},"6":{"loc":{"start":{"line":136,"column":61},"end":{"line":136,"column":87}},"type":"binary-expr","locations":[{"start":{"line":136,"column":61},"end":{"line":136,"column":82}},{"start":{"line":136,"column":86},"end":{"line":136,"column":87}}],"line":136},"7":{"loc":{"start":{"line":137,"column":69},"end":{"line":137,"column":103}},"type":"binary-expr","locations":[{"start":{"line":137,"column":69},"end":{"line":137,"column":98}},{"start":{"line":137,"column":102},"end":{"line":137,"column":103}}],"line":137},"8":{"loc":{"start":{"line":138,"column":63},"end":{"line":138,"column":91}},"type":"binary-expr","locations":[{"start":{"line":138,"column":63},"end":{"line":138,"column":86}},{"start":{"line":138,"column":90},"end":{"line":138,"column":91}}],"line":138},"9":{"loc":{"start":{"line":139,"column":68},"end":{"line":139,"column":101}},"type":"binary-expr","locations":[{"start":{"line":139,"column":68},"end":{"line":139,"column":96}},{"start":{"line":139,"column":100},"end":{"line":139,"column":101}}],"line":139},"10":{"loc":{"start":{"line":140,"column":65},"end":{"line":140,"column":95}},"type":"binary-expr","locations":[{"start":{"line":140,"column":65},"end":{"line":140,"column":90}},{"start":{"line":140,"column":94},"end":{"line":140,"column":95}}],"line":140},"11":{"loc":{"start":{"line":156,"column":25},"end":{"line":156,"column":70}},"type":"binary-expr","locations":[{"start":{"line":156,"column":25},"end":{"line":156,"column":64}},{"start":{"line":156,"column":68},"end":{"line":156,"column":70}}],"line":156}},"s":{"0":1,"1":1,"2":2,"3":2,"4":2,"5":2,"6":1,"7":1,"8":2,"9":1,"10":1,"11":1,"12":1,"13":1,"14":1,"15":1,"16":1,"17":1,"18":1,"19":1,"20":1,"21":0,"22":0,"23":0,"24":0,"25":0,"26":0,"27":1,"28":2,"29":2,"30":2,"31":2,"32":2,"33":1,"34":1,"35":1,"36":2,"37":2,"38":2,"39":2,"40":2,"41":2,"42":2,"43":2,"44":1,"45":2,"46":1,"47":2,"48":0,"49":0,"50":1},"f":{"0":2,"1":2,"2":1,"3":1,"4":0,"5":0,"6":2,"7":2,"8":2,"9":2},"b":{"0":[2,0],"1":[1,0],"2":[1,0],"3":[1,1],"4":[2,0],"5":[2,0],"6":[2,1],"7":[2,1],"8":[2,2],"9":[2,2],"10":[2,2],"11":[2,1]},"_coverageSchema":"1a1c01bbd47fc00a2c39e90264f33305004495a9","hash":"feeaad88cb1e86739f46b5f88b3e78c93a860d8c"}
,"/home/joaopedro/ProjetoOncoMap/2025-2-OncoMap/Oncomap/backend/src/utils/regionMap.js": {"path":"/home/joaopedro/ProjetoOncoMap/2025-2-OncoMap/Oncomap/backend/src/utils/regionMap.js","statementMap":{"0":{"start":{"line":2,"column":25},"end":{"line":8,"column":1}},"1":{"start":{"line":11,"column":26},"end":{"line":20,"column":1}},"2":{"start":{"line":12,"column":4},"end":{"line":12,"column":31}},"3":{"start":{"line":12,"column":21},"end":{"line":12,"column":31}},"4":{"start":{"line":13,"column":16},"end":{"line":13,"column":81}},"5":{"start":{"line":15,"column":4},"end":{"line":17,"column":9}},"6":{"start":{"line":16,"column":12},"end":{"line":16,"column":52}},"7":{"start":{"line":19,"column":4},"end":{"line":19,"column":39}},"8":{"start":{"line":22,"column":0},"end":{"line":22,"column":39}}},"fnMap":{"0":{"name":"(anonymous_0)","decl":{"start":{"line":11,"column":26},"end":{"line":11,"column":27}},"loc":{"start":{"line":11,"column":42},"end":{"line":20,"column":1}},"line":11}},"branchMap":{"0":{"loc":{"start":{"line":12,"column":4},"end":{"line":12,"column":31}},"type":"if","locations":[{"start":{"line":12,"column":4},"end":{"line":12,"column":31}},{"start":{},"end":{}}],"line":12},"1":{"loc":{"start":{"line":15,"column":4},"end":{"line":17,"column":9}},"type":"if","locations":[{"start":{"line":15,"column":4},"end":{"line":17,"column":9}},{"start":{},"end":{}}],"line":15},"2":{"loc":{"start":{"line":15,"column":8},"end":{"line":15,"column":55}},"type":"binary-expr","locations":[{"start":{"line":15,"column":8},"end":{"line":15,"column":29}},{"start":{"line":15,"column":33},"end":{"line":15,"column":55}}],"line":15},"3":{"loc":{"start":{"line":19,"column":11},"end":{"line":19,"column":38}},"type":"binary-expr","locations":[{"start":{"line":19,"column":11},"end":{"line":19,"column":32}},{"start":{"line":19,"column":36},"end":{"line":19,"column":38}}],"line":19}},"s":{"0":2,"1":2,"2":7,"3":2,"4":5,"5":5,"6":3,"7":2,"8":2},"f":{"0":7},"b":{"0":[2,5],"1":[3,2],"2":[5,2],"3":[2,1]},"_coverageSchema":"1a1c01bbd47fc00a2c39e90264f33305004495a9","hash":"c699e70f4f2e73afb7cd391a9dff237d0b1191ea"}
}
