TN:
SF:src/api/controllers/reportController.js
FN:10,(anonymous_0)
FN:12,(anonymous_1)
FN:16,(anonymous_2)
FN:35,(anonymous_3)
FN:44,(anonymous_4)
FN:101,(anonymous_5)
FN:114,(anonymous_6)
FN:186,(anonymous_7)
FN:197,(anonymous_8)
FN:266,(anonymous_9)
FN:277,(anonymous_10)
FNF:11
FNH:11
FNDA:6,(anonymous_0)
FNDA:6,(anonymous_1)
FNDA:6,(anonymous_2)
FNDA:3,(anonymous_3)
FNDA:3,(anonymous_4)
FNDA:2,(anonymous_5)
FNDA:1,(anonymous_6)
FNDA:1,(anonymous_7)
FNDA:1,(anonymous_8)
FNDA:1,(anonymous_9)
FNDA:1,(anonymous_10)
DA:1,1
DA:2,1
DA:3,1
DA:4,1
DA:5,1
DA:7,1
DA:8,1
DA:10,6
DA:12,6
DA:16,1
DA:17,6
DA:18,0
DA:19,0
DA:20,0
DA:21,0
DA:22,0
DA:23,0
DA:25,0
DA:26,0
DA:27,0
DA:28,0
DA:29,0
DA:30,0
DA:32,0
DA:35,1
DA:36,3
DA:37,3
DA:38,3
DA:39,3
DA:40,2
DA:44,1
DA:45,3
DA:89,3
DA:97,3
DA:101,1
DA:102,2
DA:103,2
DA:104,2
DA:106,1
DA:107,1
DA:108,1
DA:110,1
DA:111,1
DA:112,1
DA:114,1
DA:115,1
DA:116,1
DA:117,1
DA:118,1
DA:119,1
DA:120,1
DA:122,1
DA:123,1
DA:124,1
DA:125,1
DA:127,1
DA:128,1
DA:131,1
DA:138,1
DA:175,1
DA:176,1
DA:177,1
DA:178,1
DA:180,0
DA:181,0
DA:186,1
DA:187,1
DA:188,1
DA:189,1
DA:190,1
DA:191,1
DA:193,1
DA:194,1
DA:195,1
DA:197,1
DA:198,1
DA:199,1
DA:200,1
DA:201,1
DA:202,1
DA:203,1
DA:205,1
DA:206,1
DA:207,1
DA:208,1
DA:210,1
DA:211,1
DA:214,1
DA:221,1
DA:255,1
DA:256,1
DA:257,1
DA:258,1
DA:260,0
DA:261,0
DA:266,1
DA:267,1
DA:268,1
DA:269,1
DA:270,1
DA:271,1
DA:273,1
DA:274,1
DA:275,1
DA:277,1
DA:278,1
DA:279,1
DA:280,1
DA:281,1
DA:282,1
DA:283,1
DA:285,1
DA:286,1
DA:287,1
DA:288,1
DA:291,1
DA:322,1
DA:323,1
DA:324,1
DA:325,1
DA:327,0
DA:328,0
DA:332,1
LF:123
LH:104
BRDA:17,0,0,6
BRDA:17,0,1,0
BRDA:18,1,0,0
BRDA:18,1,1,0
BRDA:19,2,0,0
BRDA:19,2,1,0
BRDA:20,3,0,0
BRDA:20,3,1,0
BRDA:21,4,0,0
BRDA:21,4,1,0
BRDA:22,5,0,0
BRDA:22,5,1,0
BRDA:23,6,0,0
BRDA:23,6,1,0
BRDA:37,7,0,0
BRDA:37,7,1,3
BRDA:37,8,0,3
BRDA:37,8,1,0
BRDA:39,9,0,1
BRDA:39,9,1,2
BRDA:93,10,0,3
BRDA:93,10,1,3
BRDA:104,11,0,1
BRDA:104,11,1,1
BRDA:115,12,0,1
BRDA:115,12,1,1
BRDA:117,13,0,1
BRDA:117,13,1,1
BRDA:120,14,0,0
BRDA:120,14,1,1
BRDA:122,15,0,1
BRDA:122,15,1,0
BRDA:125,16,0,0
BRDA:125,16,1,1
BRDA:127,17,0,1
BRDA:127,17,1,0
BRDA:191,18,0,0
BRDA:191,18,1,1
BRDA:199,19,0,1
BRDA:199,19,1,1
BRDA:200,20,0,1
BRDA:200,20,1,1
BRDA:203,21,0,0
BRDA:203,21,1,1
BRDA:205,22,0,1
BRDA:205,22,1,0
BRDA:208,23,0,0
BRDA:208,23,1,1
BRDA:210,24,0,1
BRDA:210,24,1,0
BRDA:271,25,0,0
BRDA:271,25,1,1
BRDA:279,26,0,1
BRDA:279,26,1,1
BRDA:280,27,0,1
BRDA:280,27,1,1
BRDA:283,28,0,0
BRDA:283,28,1,1
BRDA:285,29,0,1
BRDA:285,29,1,0
BRDA:288,30,0,0
BRDA:288,30,1,1
BRF:62
BRH:34
end_of_record
TN:
SF:src/api/controllers/statsController.js
FN:5,(anonymous_0)
FN:37,(anonymous_1)
FN:41,(anonymous_2)
FN:60,(anonymous_3)
FN:81,(anonymous_4)
FN:86,(anonymous_5)
FN:100,(anonymous_6)
FN:132,(anonymous_7)
FN:144,(anonymous_8)
FN:152,(anonymous_9)
FNF:10
FNH:8
FNDA:2,(anonymous_0)
FNDA:2,(anonymous_1)
FNDA:1,(anonymous_2)
FNDA:1,(anonymous_3)
FNDA:0,(anonymous_4)
FNDA:0,(anonymous_5)
FNDA:2,(anonymous_6)
FNDA:2,(anonymous_7)
FNDA:2,(anonymous_8)
FNDA:2,(anonymous_9)
DA:2,1
DA:5,1
DA:6,2
DA:8,2
DA:19,2
DA:31,2
DA:36,1
DA:37,1
DA:38,2
DA:41,1
DA:48,1
DA:54,1
DA:55,1
DA:60,1
DA:61,1
DA:63,1
DA:64,1
DA:75,1
DA:77,1
DA:78,1
DA:81,0
DA:83,0
DA:86,0
DA:94,0
DA:95,0
DA:100,1
DA:101,2
DA:103,2
DA:104,2
DA:117,2
DA:119,2
DA:120,1
DA:123,1
DA:132,1
DA:133,2
DA:134,2
DA:135,2
DA:136,2
DA:137,2
DA:138,2
DA:139,2
DA:140,2
DA:144,2
DA:146,1
DA:152,2
DA:161,0
DA:162,0
DA:167,1
LF:48
LH:41
BRDA:38,0,0,2
BRDA:38,0,1,0
BRDA:45,1,0,1
BRDA:45,1,1,0
BRDA:77,2,0,1
BRDA:77,2,1,0
BRDA:119,3,0,1
BRDA:119,3,1,1
BRDA:134,4,0,2
BRDA:134,4,1,0
BRDA:135,5,0,2
BRDA:135,5,1,0
BRDA:136,6,0,2
BRDA:136,6,1,1
BRDA:137,7,0,2
BRDA:137,7,1,1
BRDA:138,8,0,2
BRDA:138,8,1,2
BRDA:139,9,0,2
BRDA:139,9,1,2
BRDA:140,10,0,2
BRDA:140,10,1,2
BRDA:156,11,0,2
BRDA:156,11,1,1
BRF:24
BRH:19
end_of_record
TN:
SF:src/utils/regionMap.js
FN:11,(anonymous_0)
FNF:1
FNH:1
FNDA:7,(anonymous_0)
DA:2,2
DA:11,2
DA:12,7
DA:13,5
DA:15,5
DA:16,3
DA:19,2
DA:22,2
LF:8
LH:8
BRDA:12,0,0,2
BRDA:12,0,1,5
BRDA:15,1,0,3
BRDA:15,1,1,2
BRDA:15,2,0,5
BRDA:15,2,1,2
BRDA:19,3,0,2
BRDA:19,3,1,1
BRF:8
BRH:8
end_of_record
