<?xml version="1.0" encoding="UTF-8"?>
<coverage generated="1764720480104" clover="3.2.0">
  <project timestamp="1764720480105" name="All files">
    <metrics statements="269" coveredstatements="163" conditionals="157" coveredconditionals="64" methods="73" coveredmethods="45" elements="499" coveredelements="272" complexity="0" loc="269" ncloc="269" packages="9" files="50" classes="50"/>
    <package name="src">
      <metrics statements="0" coveredstatements="0" conditionals="0" coveredconditionals="0" methods="1" coveredmethods="1"/>
      <file name="App.tsx" path="/home/giovani-coelho/Documentos/2025-2-OncoMap/Oncomap/frontend/src/App.tsx">
        <metrics statements="0" coveredstatements="0" conditionals="0" coveredconditionals="0" methods="1" coveredmethods="1"/>
      </file>
    </package>
    <package name="src.components.Geral">
      <metrics statements="1" coveredstatements="1" conditionals="0" coveredconditionals="0" methods="1" coveredmethods="1"/>
      <file name="footer.tsx" path="/home/giovani-coelho/Documentos/2025-2-OncoMap/Oncomap/frontend/src/components/Geral/footer.tsx">
        <metrics statements="1" coveredstatements="1" conditionals="0" coveredconditionals="0" methods="1" coveredmethods="1"/>
        <line num="3" count="1" type="stmt"/>
      </file>
    </package>
    <package name="src.components.HomePage">
      <metrics statements="23" coveredstatements="18" conditionals="10" coveredconditionals="4" methods="11" coveredmethods="8"/>
      <file name="Equipe.tsx" path="/home/giovani-coelho/Documentos/2025-2-OncoMap/Oncomap/frontend/src/components/HomePage/Equipe.tsx">
        <metrics statements="2" coveredstatements="2" conditionals="0" coveredconditionals="0" methods="1" coveredmethods="1"/>
        <line num="5" count="1" type="stmt"/>
        <line num="62" count="1" type="stmt"/>
      </file>
      <file name="SobreProjeto.tsx" path="/home/giovani-coelho/Documentos/2025-2-OncoMap/Oncomap/frontend/src/components/HomePage/SobreProjeto.tsx">
        <metrics statements="1" coveredstatements="1" conditionals="0" coveredconditionals="0" methods="1" coveredmethods="1"/>
        <line num="15" count="1" type="stmt"/>
      </file>
      <file name="hero.tsx" path="/home/giovani-coelho/Documentos/2025-2-OncoMap/Oncomap/frontend/src/components/HomePage/hero.tsx">
        <metrics statements="1" coveredstatements="1" conditionals="0" coveredconditionals="0" methods="1" coveredmethods="1"/>
        <line num="5" count="1" type="stmt"/>
      </file>
      <file name="navbar.tsx" path="/home/giovani-coelho/Documentos/2025-2-OncoMap/Oncomap/frontend/src/components/HomePage/navbar.tsx">
        <metrics statements="19" coveredstatements="14" conditionals="10" coveredconditionals="4" methods="8" coveredmethods="5"/>
        <line num="6" count="1" type="stmt"/>
        <line num="7" count="1" type="stmt"/>
        <line num="9" count="1" type="stmt"/>
        <line num="10" count="1" type="cond" truecount="1" falsecount="1"/>
        <line num="11" count="0" type="stmt"/>
        <line num="13" count="1" type="stmt"/>
        <line num="16" count="1" type="stmt"/>
        <line num="17" count="1" type="stmt"/>
        <line num="21" count="1" type="stmt"/>
        <line num="22" count="1" type="stmt"/>
        <line num="23" count="0" type="cond" truecount="0" falsecount="2"/>
        <line num="24" count="0" type="stmt"/>
        <line num="28" count="1" type="stmt"/>
        <line num="30" count="1" type="stmt"/>
        <line num="31" count="1" type="stmt"/>
        <line num="35" count="1" type="stmt"/>
        <line num="36" count="0" type="stmt"/>
        <line num="39" count="1" type="stmt"/>
        <line num="40" count="0" type="stmt"/>
      </file>
    </package>
    <package name="src.components.MapaPage">
      <metrics statements="194" coveredstatements="101" conditionals="141" coveredconditionals="54" methods="46" coveredmethods="24"/>
      <file name="PDFButao.tsx" path="/home/giovani-coelho/Documentos/2025-2-OncoMap/Oncomap/frontend/src/components/MapaPage/PDFButao.tsx">
        <metrics statements="19" coveredstatements="19" conditionals="7" coveredconditionals="6" methods="2" coveredmethods="2"/>
        <line num="11" count="2" type="cond" truecount="1" falsecount="0"/>
        <line num="12" count="11" type="stmt"/>
        <line num="14" count="11" type="stmt"/>
        <line num="15" count="2" type="cond" truecount="1" falsecount="1"/>
        <line num="16" count="2" type="stmt"/>
        <line num="17" count="2" type="stmt"/>
        <line num="18" count="2" type="stmt"/>
        <line num="19" count="1" type="stmt"/>
        <line num="20" count="1" type="stmt"/>
        <line num="21" count="1" type="stmt"/>
        <line num="22" count="1" type="stmt"/>
        <line num="23" count="1" type="stmt"/>
        <line num="24" count="1" type="stmt"/>
        <line num="25" count="1" type="stmt"/>
        <line num="26" count="1" type="stmt"/>
        <line num="27" count="1" type="stmt"/>
        <line num="29" count="1" type="stmt"/>
        <line num="30" count="1" type="stmt"/>
        <line num="32" count="2" type="stmt"/>
      </file>
      <file name="TabelaInfo.tsx" path="/home/giovani-coelho/Documentos/2025-2-OncoMap/Oncomap/frontend/src/components/MapaPage/TabelaInfo.tsx">
        <metrics statements="70" coveredstatements="48" conditionals="52" coveredconditionals="33" methods="23" coveredmethods="13"/>
        <line num="17" count="1" type="stmt"/>
        <line num="26" count="1" type="stmt"/>
        <line num="35" count="7" type="stmt"/>
        <line num="36" count="7" type="stmt"/>
        <line num="37" count="7" type="stmt"/>
        <line num="38" count="7" type="stmt"/>
        <line num="40" count="7" type="stmt"/>
        <line num="43" count="7" type="cond" truecount="2" falsecount="0"/>
        <line num="45" count="7" type="cond" truecount="2" falsecount="0"/>
        <line num="46" count="5" type="stmt"/>
        <line num="50" count="7" type="stmt"/>
        <line num="51" count="5" type="cond" truecount="1" falsecount="1"/>
        <line num="52" count="5" type="stmt"/>
        <line num="53" count="5" type="cond" truecount="1" falsecount="1"/>
        <line num="54" count="5" type="cond" truecount="1" falsecount="1"/>
        <line num="58" count="7" type="stmt"/>
        <line num="59" count="4" type="stmt"/>
        <line num="60" count="4" type="cond" truecount="2" falsecount="0"/>
        <line num="61" count="2" type="stmt"/>
        <line num="62" count="2" type="stmt"/>
        <line num="63" count="2" type="stmt"/>
        <line num="65" count="0" type="stmt"/>
        <line num="68" count="2" type="stmt"/>
        <line num="69" count="2" type="stmt"/>
        <line num="72" count="4" type="stmt"/>
        <line num="75" count="7" type="stmt"/>
        <line num="76" count="1" type="cond" truecount="1" falsecount="1"/>
        <line num="77" count="1" type="stmt"/>
        <line num="78" count="1" type="stmt"/>
        <line num="79" count="1" type="stmt"/>
        <line num="80" count="1" type="stmt"/>
        <line num="82" count="0" type="stmt"/>
        <line num="83" count="0" type="stmt"/>
        <line num="85" count="1" type="stmt"/>
        <line num="89" count="7" type="stmt"/>
        <line num="90" count="4" type="cond" truecount="2" falsecount="0"/>
        <line num="91" count="2" type="cond" truecount="1" falsecount="1"/>
        <line num="92" count="0" type="stmt"/>
        <line num="93" count="0" type="stmt"/>
        <line num="97" count="7" type="stmt"/>
        <line num="98" count="4" type="cond" truecount="2" falsecount="2"/>
        <line num="99" count="0" type="stmt"/>
        <line num="100" count="0" type="stmt"/>
        <line num="104" count="7" type="stmt"/>
        <line num="105" count="0" type="stmt"/>
        <line num="106" count="0" type="stmt"/>
        <line num="107" count="0" type="cond" truecount="0" falsecount="2"/>
        <line num="108" count="0" type="stmt"/>
        <line num="109" count="0" type="stmt"/>
        <line num="111" count="0" type="cond" truecount="0" falsecount="4"/>
        <line num="112" count="0" type="stmt"/>
        <line num="118" count="7" type="cond" truecount="2" falsecount="0"/>
        <line num="120" count="1" type="stmt"/>
        <line num="125" count="0" type="stmt"/>
        <line num="150" count="6" type="cond" truecount="2" falsecount="0"/>
        <line num="167" count="0" type="stmt"/>
        <line num="191" count="6" type="cond" truecount="2" falsecount="0"/>
        <line num="193" count="4" type="cond" truecount="2" falsecount="0"/>
        <line num="201" count="0" type="stmt"/>
        <line num="202" count="0" type="stmt"/>
        <line num="219" count="6" type="cond" truecount="2" falsecount="0"/>
        <line num="240" count="0" type="stmt"/>
        <line num="242" count="0" type="cond" truecount="0" falsecount="2"/>
        <line num="250" count="0" type="cond" truecount="0" falsecount="2"/>
        <line num="270" count="3" type="stmt"/>
        <line num="274" count="1" type="cond" truecount="1" falsecount="1"/>
        <line num="275" count="1" type="stmt"/>
        <line num="277" count="0" type="stmt"/>
        <line num="307" count="2" type="cond" truecount="1" falsecount="1"/>
        <line num="336" count="1" type="stmt"/>
      </file>
      <file name="mapa.tsx" path="/home/giovani-coelho/Documentos/2025-2-OncoMap/Oncomap/frontend/src/components/MapaPage/mapa.tsx">
        <metrics statements="105" coveredstatements="34" conditionals="82" coveredconditionals="15" methods="21" coveredmethods="9"/>
        <line num="9" count="1" type="stmt"/>
        <line num="33" count="1" type="stmt"/>
        <line num="47" count="1" type="stmt"/>
        <line num="55" count="3" type="stmt"/>
        <line num="56" count="3" type="stmt"/>
        <line num="58" count="3" type="stmt"/>
        <line num="59" count="3" type="stmt"/>
        <line num="61" count="3" type="stmt"/>
        <line num="62" count="3" type="stmt"/>
        <line num="64" count="3" type="stmt"/>
        <line num="65" count="15" type="stmt"/>
        <line num="69" count="3" type="stmt"/>
        <line num="70" count="3" type="cond" truecount="1" falsecount="1"/>
        <line num="73" count="3" type="stmt"/>
        <line num="74" count="3" type="cond" truecount="1" falsecount="1"/>
        <line num="76" count="0" type="cond" truecount="0" falsecount="2"/>
        <line num="77" count="0" type="stmt"/>
        <line num="78" count="0" type="stmt"/>
        <line num="80" count="0" type="cond" truecount="0" falsecount="2"/>
        <line num="81" count="0" type="stmt"/>
        <line num="82" count="0" type="cond" truecount="0" falsecount="2"/>
        <line num="83" count="0" type="stmt"/>
        <line num="86" count="0" type="cond" truecount="0" falsecount="4"/>
        <line num="87" count="0" type="stmt"/>
        <line num="88" count="0" type="cond" truecount="0" falsecount="2"/>
        <line num="89" count="0" type="stmt"/>
        <line num="92" count="0" type="stmt"/>
        <line num="96" count="3" type="stmt"/>
        <line num="97" count="3" type="cond" truecount="2" falsecount="0"/>
        <line num="98" count="1" type="stmt"/>
        <line num="99" count="1" type="cond" truecount="1" falsecount="1"/>
        <line num="100" count="0" type="stmt"/>
        <line num="101" count="0" type="stmt"/>
        <line num="102" count="0" type="stmt"/>
        <line num="104" count="1" type="stmt"/>
        <line num="105" count="1" type="stmt"/>
        <line num="106" count="0" type="stmt"/>
        <line num="107" count="0" type="cond" truecount="0" falsecount="2"/>
        <line num="108" count="0" type="stmt"/>
        <line num="109" count="0" type="stmt"/>
        <line num="112" count="0" type="stmt"/>
        <line num="113" count="0" type="stmt"/>
        <line num="116" count="2" type="stmt"/>
        <line num="117" count="2" type="stmt"/>
        <line num="121" count="3" type="stmt"/>
        <line num="122" count="0" type="stmt"/>
        <line num="123" count="0" type="cond" truecount="0" falsecount="2"/>
        <line num="124" count="0" type="stmt"/>
        <line num="125" count="0" type="stmt"/>
        <line num="127" count="0" type="cond" truecount="0" falsecount="4"/>
        <line num="128" count="0" type="stmt"/>
        <line num="131" count="0" type="cond" truecount="0" falsecount="2"/>
        <line num="132" count="0" type="cond" truecount="0" falsecount="2"/>
        <line num="133" count="0" type="cond" truecount="0" falsecount="2"/>
        <line num="134" count="0" type="stmt"/>
        <line num="136" count="0" type="cond" truecount="0" falsecount="2"/>
        <line num="137" count="0" type="stmt"/>
        <line num="140" count="0" type="stmt"/>
        <line num="143" count="3" type="stmt"/>
        <line num="144" count="0" type="stmt"/>
        <line num="145" count="0" type="cond" truecount="0" falsecount="2"/>
        <line num="147" count="0" type="stmt"/>
        <line num="148" count="0" type="cond" truecount="0" falsecount="5"/>
        <line num="153" count="0" type="cond" truecount="0" falsecount="2"/>
        <line num="157" count="0" type="stmt"/>
        <line num="159" count="0" type="stmt"/>
        <line num="160" count="0" type="stmt"/>
        <line num="161" count="0" type="stmt"/>
        <line num="163" count="0" type="cond" truecount="0" falsecount="2"/>
        <line num="164" count="0" type="cond" truecount="0" falsecount="2"/>
        <line num="165" count="0" type="stmt"/>
        <line num="166" count="0" type="cond" truecount="0" falsecount="2"/>
        <line num="167" count="0" type="cond" truecount="0" falsecount="2"/>
        <line num="173" count="3" type="stmt"/>
        <line num="174" count="0" type="stmt"/>
        <line num="175" count="0" type="cond" truecount="0" falsecount="2"/>
        <line num="176" count="0" type="stmt"/>
        <line num="177" count="0" type="cond" truecount="0" falsecount="2"/>
        <line num="180" count="0" type="stmt"/>
        <line num="182" count="0" type="cond" truecount="0" falsecount="4"/>
        <line num="183" count="0" type="stmt"/>
        <line num="185" count="0" type="cond" truecount="0" falsecount="2"/>
        <line num="186" count="0" type="stmt"/>
        <line num="188" count="0" type="stmt"/>
        <line num="191" count="3" type="stmt"/>
        <line num="192" count="0" type="stmt"/>
        <line num="193" count="0" type="cond" truecount="0" falsecount="3"/>
        <line num="194" count="0" type="stmt"/>
        <line num="196" count="0" type="stmt"/>
        <line num="198" count="0" type="stmt"/>
        <line num="199" count="0" type="stmt"/>
        <line num="200" count="0" type="cond" truecount="0" falsecount="2"/>
        <line num="201" count="0" type="stmt"/>
        <line num="205" count="0" type="stmt"/>
        <line num="206" count="0" type="stmt"/>
        <line num="208" count="0" type="cond" truecount="0" falsecount="2"/>
        <line num="209" count="0" type="stmt"/>
        <line num="210" count="0" type="stmt"/>
        <line num="216" count="3" type="stmt"/>
        <line num="217" count="3" type="cond" truecount="2" falsecount="0"/>
        <line num="218" count="21" type="stmt"/>
        <line num="219" count="1" type="cond" truecount="1" falsecount="1"/>
        <line num="223" count="2" type="cond" truecount="2" falsecount="0"/>
        <line num="224" count="1" type="stmt"/>
        <line num="231" count="1" type="stmt"/>
      </file>
    </package>
    <package name="src.data">
      <metrics statements="3" coveredstatements="3" conditionals="0" coveredconditionals="0" methods="2" coveredmethods="2"/>
      <file name="regioes.ts" path="/home/giovani-coelho/Documentos/2025-2-OncoMap/Oncomap/frontend/src/data/regioes.ts">
        <metrics statements="3" coveredstatements="3" conditionals="0" coveredconditionals="0" methods="2" coveredmethods="2"/>
        <line num="51" count="1" type="stmt"/>
        <line num="55" count="27" type="stmt"/>
        <line num="65" count="1" type="stmt"/>
      </file>
    </package>
    <package name="src.data.estados">
      <metrics statements="0" coveredstatements="0" conditionals="0" coveredconditionals="0" methods="0" coveredmethods="0"/>
      <file name="macroregions-ac-12.json" path="/home/giovani-coelho/Documentos/2025-2-OncoMap/Oncomap/frontend/src/data/estados/macroregions-ac-12.json">
        <metrics statements="0" coveredstatements="0" conditionals="0" coveredconditionals="0" methods="0" coveredmethods="0"/>
      </file>
      <file name="macroregions-al-27.json" path="/home/giovani-coelho/Documentos/2025-2-OncoMap/Oncomap/frontend/src/data/estados/macroregions-al-27.json">
        <metrics statements="0" coveredstatements="0" conditionals="0" coveredconditionals="0" methods="0" coveredmethods="0"/>
      </file>
      <file name="macroregions-am-13.json" path="/home/giovani-coelho/Documentos/2025-2-OncoMap/Oncomap/frontend/src/data/estados/macroregions-am-13.json">
        <metrics statements="0" coveredstatements="0" conditionals="0" coveredconditionals="0" methods="0" coveredmethods="0"/>
      </file>
      <file name="macroregions-ap-16.json" path="/home/giovani-coelho/Documentos/2025-2-OncoMap/Oncomap/frontend/src/data/estados/macroregions-ap-16.json">
        <metrics statements="0" coveredstatements="0" conditionals="0" coveredconditionals="0" methods="0" coveredmethods="0"/>
      </file>
      <file name="macroregions-ba-29.json" path="/home/giovani-coelho/Documentos/2025-2-OncoMap/Oncomap/frontend/src/data/estados/macroregions-ba-29.json">
        <metrics statements="0" coveredstatements="0" conditionals="0" coveredconditionals="0" methods="0" coveredmethods="0"/>
      </file>
      <file name="macroregions-ce-23.json" path="/home/giovani-coelho/Documentos/2025-2-OncoMap/Oncomap/frontend/src/data/estados/macroregions-ce-23.json">
        <metrics statements="0" coveredstatements="0" conditionals="0" coveredconditionals="0" methods="0" coveredmethods="0"/>
      </file>
      <file name="macroregions-df-53.json" path="/home/giovani-coelho/Documentos/2025-2-OncoMap/Oncomap/frontend/src/data/estados/macroregions-df-53.json">
        <metrics statements="0" coveredstatements="0" conditionals="0" coveredconditionals="0" methods="0" coveredmethods="0"/>
      </file>
      <file name="macroregions-es-32.json" path="/home/giovani-coelho/Documentos/2025-2-OncoMap/Oncomap/frontend/src/data/estados/macroregions-es-32.json">
        <metrics statements="0" coveredstatements="0" conditionals="0" coveredconditionals="0" methods="0" coveredmethods="0"/>
      </file>
      <file name="macroregions-go-52.json" path="/home/giovani-coelho/Documentos/2025-2-OncoMap/Oncomap/frontend/src/data/estados/macroregions-go-52.json">
        <metrics statements="0" coveredstatements="0" conditionals="0" coveredconditionals="0" methods="0" coveredmethods="0"/>
      </file>
      <file name="macroregions-ma-21.json" path="/home/giovani-coelho/Documentos/2025-2-OncoMap/Oncomap/frontend/src/data/estados/macroregions-ma-21.json">
        <metrics statements="0" coveredstatements="0" conditionals="0" coveredconditionals="0" methods="0" coveredmethods="0"/>
      </file>
      <file name="macroregions-mg-31.json" path="/home/giovani-coelho/Documentos/2025-2-OncoMap/Oncomap/frontend/src/data/estados/macroregions-mg-31.json">
        <metrics statements="0" coveredstatements="0" conditionals="0" coveredconditionals="0" methods="0" coveredmethods="0"/>
      </file>
      <file name="macroregions-ms-50.json" path="/home/giovani-coelho/Documentos/2025-2-OncoMap/Oncomap/frontend/src/data/estados/macroregions-ms-50.json">
        <metrics statements="0" coveredstatements="0" conditionals="0" coveredconditionals="0" methods="0" coveredmethods="0"/>
      </file>
      <file name="macroregions-mt-51.json" path="/home/giovani-coelho/Documentos/2025-2-OncoMap/Oncomap/frontend/src/data/estados/macroregions-mt-51.json">
        <metrics statements="0" coveredstatements="0" conditionals="0" coveredconditionals="0" methods="0" coveredmethods="0"/>
      </file>
      <file name="macroregions-pa-15.json" path="/home/giovani-coelho/Documentos/2025-2-OncoMap/Oncomap/frontend/src/data/estados/macroregions-pa-15.json">
        <metrics statements="0" coveredstatements="0" conditionals="0" coveredconditionals="0" methods="0" coveredmethods="0"/>
      </file>
      <file name="macroregions-pb-25.json" path="/home/giovani-coelho/Documentos/2025-2-OncoMap/Oncomap/frontend/src/data/estados/macroregions-pb-25.json">
        <metrics statements="0" coveredstatements="0" conditionals="0" coveredconditionals="0" methods="0" coveredmethods="0"/>
      </file>
      <file name="macroregions-pe-26.json" path="/home/giovani-coelho/Documentos/2025-2-OncoMap/Oncomap/frontend/src/data/estados/macroregions-pe-26.json">
        <metrics statements="0" coveredstatements="0" conditionals="0" coveredconditionals="0" methods="0" coveredmethods="0"/>
      </file>
      <file name="macroregions-pi-22.json" path="/home/giovani-coelho/Documentos/2025-2-OncoMap/Oncomap/frontend/src/data/estados/macroregions-pi-22.json">
        <metrics statements="0" coveredstatements="0" conditionals="0" coveredconditionals="0" methods="0" coveredmethods="0"/>
      </file>
      <file name="macroregions-pr-41.json" path="/home/giovani-coelho/Documentos/2025-2-OncoMap/Oncomap/frontend/src/data/estados/macroregions-pr-41.json">
        <metrics statements="0" coveredstatements="0" conditionals="0" coveredconditionals="0" methods="0" coveredmethods="0"/>
      </file>
      <file name="macroregions-rj-33.json" path="/home/giovani-coelho/Documentos/2025-2-OncoMap/Oncomap/frontend/src/data/estados/macroregions-rj-33.json">
        <metrics statements="0" coveredstatements="0" conditionals="0" coveredconditionals="0" methods="0" coveredmethods="0"/>
      </file>
      <file name="macroregions-rn-24.json" path="/home/giovani-coelho/Documentos/2025-2-OncoMap/Oncomap/frontend/src/data/estados/macroregions-rn-24.json">
        <metrics statements="0" coveredstatements="0" conditionals="0" coveredconditionals="0" methods="0" coveredmethods="0"/>
      </file>
      <file name="macroregions-ro-11.json" path="/home/giovani-coelho/Documentos/2025-2-OncoMap/Oncomap/frontend/src/data/estados/macroregions-ro-11.json">
        <metrics statements="0" coveredstatements="0" conditionals="0" coveredconditionals="0" methods="0" coveredmethods="0"/>
      </file>
      <file name="macroregions-rr-14.json" path="/home/giovani-coelho/Documentos/2025-2-OncoMap/Oncomap/frontend/src/data/estados/macroregions-rr-14.json">
        <metrics statements="0" coveredstatements="0" conditionals="0" coveredconditionals="0" methods="0" coveredmethods="0"/>
      </file>
      <file name="macroregions-rs-43.json" path="/home/giovani-coelho/Documentos/2025-2-OncoMap/Oncomap/frontend/src/data/estados/macroregions-rs-43.json">
        <metrics statements="0" coveredstatements="0" conditionals="0" coveredconditionals="0" methods="0" coveredmethods="0"/>
      </file>
      <file name="macroregions-sc-42.json" path="/home/giovani-coelho/Documentos/2025-2-OncoMap/Oncomap/frontend/src/data/estados/macroregions-sc-42.json">
        <metrics statements="0" coveredstatements="0" conditionals="0" coveredconditionals="0" methods="0" coveredmethods="0"/>
      </file>
      <file name="macroregions-se-28.json" path="/home/giovani-coelho/Documentos/2025-2-OncoMap/Oncomap/frontend/src/data/estados/macroregions-se-28.json">
        <metrics statements="0" coveredstatements="0" conditionals="0" coveredconditionals="0" methods="0" coveredmethods="0"/>
      </file>
      <file name="macroregions-sp-35.json" path="/home/giovani-coelho/Documentos/2025-2-OncoMap/Oncomap/frontend/src/data/estados/macroregions-sp-35.json">
        <metrics statements="0" coveredstatements="0" conditionals="0" coveredconditionals="0" methods="0" coveredmethods="0"/>
      </file>
      <file name="macroregions-to-17.json" path="/home/giovani-coelho/Documentos/2025-2-OncoMap/Oncomap/frontend/src/data/estados/macroregions-to-17.json">
        <metrics statements="0" coveredstatements="0" conditionals="0" coveredconditionals="0" methods="0" coveredmethods="0"/>
      </file>
    </package>
    <package name="src.pages">
      <metrics statements="36" coveredstatements="31" conditionals="4" coveredconditionals="4" methods="8" coveredmethods="6"/>
      <file name="HomePage.tsx" path="/home/giovani-coelho/Documentos/2025-2-OncoMap/Oncomap/frontend/src/pages/HomePage.tsx">
        <metrics statements="1" coveredstatements="1" conditionals="0" coveredconditionals="0" methods="1" coveredmethods="1"/>
        <line num="8" count="1" type="stmt"/>
      </file>
      <file name="MapaPage.tsx" path="/home/giovani-coelho/Documentos/2025-2-OncoMap/Oncomap/frontend/src/pages/MapaPage.tsx">
        <metrics statements="35" coveredstatements="30" conditionals="4" coveredconditionals="4" methods="7" coveredmethods="5"/>
        <line num="12" count="1" type="stmt"/>
        <line num="13" count="11" type="stmt"/>
        <line num="14" count="11" type="stmt"/>
        <line num="16" count="11" type="stmt"/>
        <line num="18" count="11" type="stmt"/>
        <line num="19" count="11" type="stmt"/>
        <line num="21" count="11" type="stmt"/>
        <line num="22" count="11" type="stmt"/>
        <line num="24" count="11" type="stmt"/>
        <line num="25" count="6" type="stmt"/>
        <line num="26" count="6" type="cond" truecount="2" falsecount="0"/>
        <line num="27" count="4" type="stmt"/>
        <line num="28" count="4" type="stmt"/>
        <line num="31" count="2" type="stmt"/>
        <line num="32" count="2" type="stmt"/>
        <line num="34" count="2" type="stmt"/>
        <line num="35" count="2" type="stmt"/>
        <line num="36" count="1" type="stmt"/>
        <line num="38" count="1" type="stmt"/>
        <line num="39" count="1" type="stmt"/>
        <line num="40" count="1" type="stmt"/>
        <line num="42" count="2" type="stmt"/>
        <line num="46" count="6" type="stmt"/>
        <line num="49" count="11" type="stmt"/>
        <line num="50" count="2" type="stmt"/>
        <line num="51" count="2" type="stmt"/>
        <line num="52" count="2" type="stmt"/>
        <line num="55" count="11" type="stmt"/>
        <line num="56" count="0" type="stmt"/>
        <line num="57" count="0" type="stmt"/>
        <line num="87" count="1" type="stmt"/>
        <line num="88" count="1" type="stmt"/>
        <line num="106" count="0" type="stmt"/>
        <line num="107" count="0" type="stmt"/>
        <line num="108" count="0" type="stmt"/>
      </file>
    </package>
    <package name="src.services">
      <metrics statements="12" coveredstatements="9" conditionals="2" coveredconditionals="2" methods="4" coveredmethods="3"/>
      <file name="api.ts" path="/home/giovani-coelho/Documentos/2025-2-OncoMap/Oncomap/frontend/src/services/api.ts">
        <metrics statements="2" coveredstatements="2" conditionals="2" coveredconditionals="2" methods="0" coveredmethods="0"/>
        <line num="2" count="1" type="cond" truecount="2" falsecount="0"/>
        <line num="4" count="1" type="stmt"/>
      </file>
      <file name="mapService.ts" path="/home/giovani-coelho/Documentos/2025-2-OncoMap/Oncomap/frontend/src/services/mapService.ts">
        <metrics statements="10" coveredstatements="7" conditionals="0" coveredconditionals="0" methods="4" coveredmethods="3"/>
        <line num="12" count="1" type="stmt"/>
        <line num="15" count="0" type="stmt"/>
        <line num="16" count="0" type="stmt"/>
        <line num="20" count="1" type="stmt"/>
        <line num="21" count="1" type="stmt"/>
        <line num="22" count="1" type="stmt"/>
        <line num="26" count="1" type="stmt"/>
        <line num="27" count="1" type="stmt"/>
        <line num="32" count="1" type="stmt"/>
        <line num="33" count="0" type="stmt"/>
      </file>
    </package>
    <package name="src.style">
      <metrics statements="0" coveredstatements="0" conditionals="0" coveredconditionals="0" methods="0" coveredmethods="0"/>
      <file name="Equipe.css" path="/home/giovani-coelho/Documentos/2025-2-OncoMap/Oncomap/frontend/src/style/Equipe.css">
        <metrics statements="0" coveredstatements="0" conditionals="0" coveredconditionals="0" methods="0" coveredmethods="0"/>
      </file>
      <file name="Footer.css" path="/home/giovani-coelho/Documentos/2025-2-OncoMap/Oncomap/frontend/src/style/Footer.css">
        <metrics statements="0" coveredstatements="0" conditionals="0" coveredconditionals="0" methods="0" coveredmethods="0"/>
      </file>
      <file name="Hero.css" path="/home/giovani-coelho/Documentos/2025-2-OncoMap/Oncomap/frontend/src/style/Hero.css">
        <metrics statements="0" coveredstatements="0" conditionals="0" coveredconditionals="0" methods="0" coveredmethods="0"/>
      </file>
      <file name="HomePage.css" path="/home/giovani-coelho/Documentos/2025-2-OncoMap/Oncomap/frontend/src/style/HomePage.css">
        <metrics statements="0" coveredstatements="0" conditionals="0" coveredconditionals="0" methods="0" coveredmethods="0"/>
      </file>
      <file name="MapaPage.css" path="/home/giovani-coelho/Documentos/2025-2-OncoMap/Oncomap/frontend/src/style/MapaPage.css">
        <metrics statements="0" coveredstatements="0" conditionals="0" coveredconditionals="0" methods="0" coveredmethods="0"/>
      </file>
      <file name="Navbar.css" path="/home/giovani-coelho/Documentos/2025-2-OncoMap/Oncomap/frontend/src/style/Navbar.css">
        <metrics statements="0" coveredstatements="0" conditionals="0" coveredconditionals="0" methods="0" coveredmethods="0"/>
      </file>
      <file name="PDFBotao.css" path="/home/giovani-coelho/Documentos/2025-2-OncoMap/Oncomap/frontend/src/style/PDFBotao.css">
        <metrics statements="0" coveredstatements="0" conditionals="0" coveredconditionals="0" methods="0" coveredmethods="0"/>
      </file>
      <file name="SobreProjeto.css" path="/home/giovani-coelho/Documentos/2025-2-OncoMap/Oncomap/frontend/src/style/SobreProjeto.css">
        <metrics statements="0" coveredstatements="0" conditionals="0" coveredconditionals="0" methods="0" coveredmethods="0"/>
      </file>
      <file name="Tabelainfo.css" path="/home/giovani-coelho/Documentos/2025-2-OncoMap/Oncomap/frontend/src/style/Tabelainfo.css">
        <metrics statements="0" coveredstatements="0" conditionals="0" coveredconditionals="0" methods="0" coveredmethods="0"/>
      </file>
    </package>
  </project>
</coverage>
