{"/home/giovani-coelho/Documentos/2025-2-OncoMap/Oncomap/frontend/src/components/Geral/footer.tsx": {"path":"/home/giovani-coelho/Documentos/2025-2-OncoMap/Oncomap/frontend/src/components/Geral/footer.tsx","statementMap":{"0":{"start":{"line":3,"column":15},"end":{"line":37,"column":null}}},"fnMap":{"0":{"name":"(anonymous_0)","decl":{"start":{"line":3,"column":15},"end":{"line":3,"column":null}},"loc":{"start":{"line":3,"column":15},"end":{"line":37,"column":null}},"line":3}},"branchMap":{},"s":{"0":1},"f":{"0":1},"b":{},"meta":{"lastBranch":0,"lastFunction":1,"lastStatement":1,"seen":{"s:3:15:37:Infinity":0,"f:3:15:3:Infinity":0}}}
,"/home/giovani-coelho/Documentos/2025-2-OncoMap/Oncomap/frontend/src/components/HomePage/Equipe.tsx": {"path":"/home/giovani-coelho/Documentos/2025-2-OncoMap/Oncomap/frontend/src/components/HomePage/Equipe.tsx","statementMap":{"0":{"start":{"line":5,"column":20},"end":{"line":42,"column":null}},"1":{"start":{"line":62,"column":15},"end":{"line":73,"column":null}}},"fnMap":{"0":{"name":"(anonymous_0)","decl":{"start":{"line":62,"column":15},"end":{"line":62,"column":null}},"loc":{"start":{"line":62,"column":15},"end":{"line":73,"column":null}},"line":62}},"branchMap":{},"s":{"0":1,"1":1},"f":{"0":1},"b":{},"meta":{"lastBranch":0,"lastFunction":1,"lastStatement":2,"seen":{"s:5:20:42:Infinity":0,"s:62:15:73:Infinity":1,"f:62:15:62:Infinity":0}}}
,"/home/giovani-coelho/Documentos/2025-2-OncoMap/Oncomap/frontend/src/components/HomePage/SobreProjeto.tsx": {"path":"/home/giovani-coelho/Documentos/2025-2-OncoMap/Oncomap/frontend/src/components/HomePage/SobreProjeto.tsx","statementMap":{"0":{"start":{"line":15,"column":21},"end":{"line":62,"column":null}}},"fnMap":{"0":{"name":"(anonymous_0)","decl":{"start":{"line":15,"column":21},"end":{"line":15,"column":null}},"loc":{"start":{"line":15,"column":21},"end":{"line":62,"column":null}},"line":15}},"branchMap":{},"s":{"0":1},"f":{"0":1},"b":{},"meta":{"lastBranch":0,"lastFunction":1,"lastStatement":1,"seen":{"s:15:21:62:Infinity":0,"f:15:21:15:Infinity":0}}}
,"/home/giovani-coelho/Documentos/2025-2-OncoMap/Oncomap/frontend/src/components/HomePage/hero.tsx": {"path":"/home/giovani-coelho/Documentos/2025-2-OncoMap/Oncomap/frontend/src/components/HomePage/hero.tsx","statementMap":{"0":{"start":{"line":5,"column":13},"end":{"line":21,"column":null}}},"fnMap":{"0":{"name":"(anonymous_0)","decl":{"start":{"line":5,"column":13},"end":{"line":5,"column":null}},"loc":{"start":{"line":5,"column":13},"end":{"line":21,"column":null}},"line":5}},"branchMap":{},"s":{"0":1},"f":{"0":1},"b":{},"meta":{"lastBranch":0,"lastFunction":1,"lastStatement":1,"seen":{"s:5:13:21:Infinity":0,"f:5:13:5:Infinity":0}}}
,"/home/giovani-coelho/Documentos/2025-2-OncoMap/Oncomap/frontend/src/components/HomePage/navbar.tsx": {"path":"/home/giovani-coelho/Documentos/2025-2-OncoMap/Oncomap/frontend/src/components/HomePage/navbar.tsx","statementMap":{"0":{"start":{"line":6,"column":15},"end":{"line":89,"column":null}},"1":{"start":{"line":7,"column":31},"end":{"line":7,"column":null}},"2":{"start":{"line":10,"column":2},"end":{"line":21,"column":null}},"3":{"start":{"line":11,"column":4},"end":{"line":15,"column":null}},"4":{"start":{"line":12,"column":6},"end":{"line":12,"column":null}},"5":{"start":{"line":14,"column":6},"end":{"line":14,"column":null}},"6":{"start":{"line":18,"column":4},"end":{"line":20,"column":null}},"7":{"start":{"line":19,"column":6},"end":{"line":19,"column":null}},"8":{"start":{"line":24,"column":2},"end":{"line":36,"column":null}},"9":{"start":{"line":25,"column":25},"end":{"line":29,"column":null}},"10":{"start":{"line":26,"column":6},"end":{"line":28,"column":null}},"11":{"start":{"line":27,"column":8},"end":{"line":27,"column":null}},"12":{"start":{"line":31,"column":4},"end":{"line":31,"column":null}},"13":{"start":{"line":33,"column":4},"end":{"line":35,"column":null}},"14":{"start":{"line":34,"column":6},"end":{"line":34,"column":null}},"15":{"start":{"line":38,"column":26},"end":{"line":40,"column":null}},"16":{"start":{"line":39,"column":4},"end":{"line":39,"column":null}},"17":{"start":{"line":42,"column":28},"end":{"line":44,"column":null}},"18":{"start":{"line":43,"column":4},"end":{"line":43,"column":null}}},"fnMap":{"0":{"name":"(anonymous_0)","decl":{"start":{"line":6,"column":15},"end":{"line":6,"column":null}},"loc":{"start":{"line":6,"column":15},"end":{"line":89,"column":null}},"line":6},"1":{"name":"(anonymous_1)","decl":{"start":{"line":10,"column":12},"end":{"line":10,"column":null}},"loc":{"start":{"line":10,"column":12},"end":{"line":21,"column":5}},"line":10},"2":{"name":"(anonymous_2)","decl":{"start":{"line":18,"column":11},"end":{"line":18,"column":null}},"loc":{"start":{"line":18,"column":11},"end":{"line":20,"column":null}},"line":18},"3":{"name":"(anonymous_3)","decl":{"start":{"line":24,"column":12},"end":{"line":24,"column":null}},"loc":{"start":{"line":24,"column":12},"end":{"line":36,"column":5}},"line":24},"4":{"name":"(anonymous_4)","decl":{"start":{"line":25,"column":25},"end":{"line":25,"column":null}},"loc":{"start":{"line":25,"column":25},"end":{"line":29,"column":null}},"line":25},"5":{"name":"(anonymous_5)","decl":{"start":{"line":33,"column":11},"end":{"line":33,"column":null}},"loc":{"start":{"line":33,"column":11},"end":{"line":35,"column":null}},"line":33},"6":{"name":"(anonymous_6)","decl":{"start":{"line":38,"column":26},"end":{"line":38,"column":null}},"loc":{"start":{"line":38,"column":26},"end":{"line":40,"column":null}},"line":38},"7":{"name":"(anonymous_7)","decl":{"start":{"line":42,"column":28},"end":{"line":42,"column":null}},"loc":{"start":{"line":42,"column":28},"end":{"line":44,"column":null}},"line":42}},"branchMap":{"0":{"loc":{"start":{"line":11,"column":4},"end":{"line":15,"column":null}},"type":"if","locations":[{"start":{"line":11,"column":4},"end":{"line":15,"column":null}},{"start":{"line":13,"column":11},"end":{"line":15,"column":null}}],"line":11},"1":{"loc":{"start":{"line":26,"column":6},"end":{"line":28,"column":null}},"type":"if","locations":[{"start":{"line":26,"column":6},"end":{"line":28,"column":null}},{"start":{},"end":{}}],"line":26},"2":{"loc":{"start":{"line":52,"column":24},"end":{"line":52,"column":null}},"type":"cond-expr","locations":[{"start":{"line":52,"column":35},"end":{"line":52,"column":57}},{"start":{"line":52,"column":57},"end":{"line":52,"column":null}}],"line":52},"3":{"loc":{"start":{"line":77,"column":21},"end":{"line":77,"column":null}},"type":"cond-expr","locations":[{"start":{"line":77,"column":32},"end":{"line":77,"column":57}},{"start":{"line":77,"column":57},"end":{"line":77,"column":null}}],"line":77},"4":{"loc":{"start":{"line":79,"column":22},"end":{"line":79,"column":null}},"type":"cond-expr","locations":[{"start":{"line":79,"column":33},"end":{"line":79,"column":49}},{"start":{"line":79,"column":49},"end":{"line":79,"column":null}}],"line":79}},"s":{"0":1,"1":1,"2":1,"3":1,"4":0,"5":1,"6":1,"7":1,"8":1,"9":1,"10":0,"11":0,"12":1,"13":1,"14":1,"15":1,"16":0,"17":1,"18":0},"f":{"0":1,"1":1,"2":1,"3":1,"4":0,"5":1,"6":0,"7":0},"b":{"0":[0,1],"1":[0,0],"2":[0,1],"3":[0,1],"4":[0,1]},"meta":{"lastBranch":5,"lastFunction":8,"lastStatement":19,"seen":{"s:6:15:89:Infinity":0,"f:6:15:6:Infinity":0,"s:7:31:7:Infinity":1,"s:10:2:21:Infinity":2,"f:10:12:10:Infinity":1,"b:11:4:15:Infinity:13:11:15:Infinity":0,"s:11:4:15:Infinity":3,"s:12:6:12:Infinity":4,"s:14:6:14:Infinity":5,"s:18:4:20:Infinity":6,"f:18:11:18:Infinity":2,"s:19:6:19:Infinity":7,"s:24:2:36:Infinity":8,"f:24:12:24:Infinity":3,"s:25:25:29:Infinity":9,"f:25:25:25:Infinity":4,"b:26:6:28:Infinity:undefined:undefined:undefined:undefined":1,"s:26:6:28:Infinity":10,"s:27:8:27:Infinity":11,"s:31:4:31:Infinity":12,"s:33:4:35:Infinity":13,"f:33:11:33:Infinity":5,"s:34:6:34:Infinity":14,"s:38:26:40:Infinity":15,"f:38:26:38:Infinity":6,"s:39:4:39:Infinity":16,"s:42:28:44:Infinity":17,"f:42:28:42:Infinity":7,"s:43:4:43:Infinity":18,"b:52:35:52:57:52:57:52:Infinity":2,"b:77:32:77:57:77:57:77:Infinity":3,"b:79:33:79:49:79:49:79:Infinity":4}}}
,"/home/giovani-coelho/Documentos/2025-2-OncoMap/Oncomap/frontend/src/components/MapaPage/PDFButao.tsx": {"path":"/home/giovani-coelho/Documentos/2025-2-OncoMap/Oncomap/frontend/src/components/MapaPage/PDFButao.tsx","statementMap":{"0":{"start":{"line":11,"column":44},"end":{"line":41,"column":null}},"1":{"start":{"line":12,"column":29},"end":{"line":12,"column":null}},"2":{"start":{"line":14,"column":22},"end":{"line":34,"column":null}},"3":{"start":{"line":15,"column":4},"end":{"line":15,"column":null}},"4":{"start":{"line":15,"column":17},"end":{"line":15,"column":null}},"5":{"start":{"line":16,"column":4},"end":{"line":16,"column":null}},"6":{"start":{"line":17,"column":4},"end":{"line":33,"column":null}},"7":{"start":{"line":18,"column":23},"end":{"line":18,"column":null}},"8":{"start":{"line":19,"column":19},"end":{"line":19,"column":null}},"9":{"start":{"line":20,"column":26},"end":{"line":20,"column":null}},"10":{"start":{"line":21,"column":19},"end":{"line":21,"column":null}},"11":{"start":{"line":22,"column":6},"end":{"line":22,"column":null}},"12":{"start":{"line":23,"column":6},"end":{"line":23,"column":null}},"13":{"start":{"line":24,"column":6},"end":{"line":24,"column":null}},"14":{"start":{"line":25,"column":6},"end":{"line":25,"column":null}},"15":{"start":{"line":26,"column":6},"end":{"line":26,"column":null}},"16":{"start":{"line":27,"column":6},"end":{"line":27,"column":null}},"17":{"start":{"line":29,"column":6},"end":{"line":29,"column":null}},"18":{"start":{"line":30,"column":6},"end":{"line":30,"column":null}},"19":{"start":{"line":32,"column":6},"end":{"line":32,"column":null}}},"fnMap":{"0":{"name":"(anonymous_0)","decl":{"start":{"line":11,"column":44},"end":{"line":11,"column":45}},"loc":{"start":{"line":11,"column":87},"end":{"line":41,"column":null}},"line":11},"1":{"name":"(anonymous_1)","decl":{"start":{"line":14,"column":22},"end":{"line":14,"column":null}},"loc":{"start":{"line":14,"column":22},"end":{"line":34,"column":null}},"line":14}},"branchMap":{"0":{"loc":{"start":{"line":11,"column":59},"end":{"line":11,"column":85}},"type":"default-arg","locations":[{"start":{"line":11,"column":70},"end":{"line":11,"column":85}}],"line":11},"1":{"loc":{"start":{"line":15,"column":4},"end":{"line":15,"column":null}},"type":"if","locations":[{"start":{"line":15,"column":4},"end":{"line":15,"column":null}},{"start":{},"end":{}}],"line":15},"2":{"loc":{"start":{"line":37,"column":34},"end":{"line":37,"column":61}},"type":"cond-expr","locations":[{"start":{"line":37,"column":44},"end":{"line":37,"column":57}},{"start":{"line":37,"column":57},"end":{"line":37,"column":61}}],"line":37},"3":{"loc":{"start":{"line":38,"column":7},"end":{"line":38,"column":null}},"type":"cond-expr","locations":[{"start":{"line":38,"column":17},"end":{"line":38,"column":32}},{"start":{"line":38,"column":32},"end":{"line":38,"column":null}}],"line":38}},"s":{"0":1,"1":4,"2":4,"3":0,"4":0,"5":0,"6":0,"7":0,"8":0,"9":0,"10":0,"11":0,"12":0,"13":0,"14":0,"15":0,"16":0,"17":0,"18":0,"19":0},"f":{"0":4,"1":0},"b":{"0":[4],"1":[0,0],"2":[0,4],"3":[0,4]},"meta":{"lastBranch":4,"lastFunction":2,"lastStatement":20,"seen":{"s:11:44:41:Infinity":0,"f:11:44:11:45":0,"b:11:70:11:85":0,"s:12:29:12:Infinity":1,"s:14:22:34:Infinity":2,"f:14:22:14:Infinity":1,"b:15:4:15:Infinity:undefined:undefined:undefined:undefined":1,"s:15:4:15:Infinity":3,"s:15:17:15:Infinity":4,"s:16:4:16:Infinity":5,"s:17:4:33:Infinity":6,"s:18:23:18:Infinity":7,"s:19:19:19:Infinity":8,"s:20:26:20:Infinity":9,"s:21:19:21:Infinity":10,"s:22:6:22:Infinity":11,"s:23:6:23:Infinity":12,"s:24:6:24:Infinity":13,"s:25:6:25:Infinity":14,"s:26:6:26:Infinity":15,"s:27:6:27:Infinity":16,"s:29:6:29:Infinity":17,"s:30:6:30:Infinity":18,"s:32:6:32:Infinity":19,"b:37:44:37:57:37:57:37:61":2,"b:38:17:38:32:38:32:38:Infinity":3}}}
,"/home/giovani-coelho/Documentos/2025-2-OncoMap/Oncomap/frontend/src/components/MapaPage/TabelaInfo.tsx": {"path":"/home/giovani-coelho/Documentos/2025-2-OncoMap/Oncomap/frontend/src/components/MapaPage/TabelaInfo.tsx","statementMap":{"0":{"start":{"line":17,"column":25},"end":{"line":24,"column":null}},"1":{"start":{"line":26,"column":19},"end":{"line":353,"column":null}},"2":{"start":{"line":35,"column":53},"end":{"line":35,"column":null}},"3":{"start":{"line":36,"column":49},"end":{"line":36,"column":null}},"4":{"start":{"line":37,"column":45},"end":{"line":37,"column":null}},"5":{"start":{"line":38,"column":43},"end":{"line":38,"column":null}},"6":{"start":{"line":40,"column":8},"end":{"line":40,"column":null}},"7":{"start":{"line":43,"column":21},"end":{"line":43,"column":112}},"8":{"start":{"line":45,"column":24},"end":{"line":47,"column":null}},"9":{"start":{"line":46,"column":44},"end":{"line":46,"column":null}},"10":{"start":{"line":50,"column":2},"end":{"line":55,"column":null}},"11":{"start":{"line":51,"column":4},"end":{"line":51,"column":null}},"12":{"start":{"line":51,"column":30},"end":{"line":51,"column":null}},"13":{"start":{"line":52,"column":26},"end":{"line":52,"column":null}},"14":{"start":{"line":53,"column":4},"end":{"line":53,"column":null}},"15":{"start":{"line":53,"column":23},"end":{"line":53,"column":null}},"16":{"start":{"line":54,"column":4},"end":{"line":54,"column":null}},"17":{"start":{"line":54,"column":30},"end":{"line":54,"column":null}},"18":{"start":{"line":58,"column":2},"end":{"line":73,"column":null}},"19":{"start":{"line":59,"column":35},"end":{"line":71,"column":null}},"20":{"start":{"line":60,"column":6},"end":{"line":70,"column":null}},"21":{"start":{"line":61,"column":8},"end":{"line":66,"column":null}},"22":{"start":{"line":62,"column":24},"end":{"line":62,"column":null}},"23":{"start":{"line":63,"column":10},"end":{"line":63,"column":null}},"24":{"start":{"line":65,"column":10},"end":{"line":65,"column":null}},"25":{"start":{"line":68,"column":8},"end":{"line":68,"column":null}},"26":{"start":{"line":69,"column":8},"end":{"line":69,"column":null}},"27":{"start":{"line":72,"column":4},"end":{"line":72,"column":null}},"28":{"start":{"line":75,"column":28},"end":{"line":87,"column":null}},"29":{"start":{"line":76,"column":4},"end":{"line":76,"column":null}},"30":{"start":{"line":76,"column":18},"end":{"line":76,"column":null}},"31":{"start":{"line":77,"column":4},"end":{"line":77,"column":null}},"32":{"start":{"line":78,"column":4},"end":{"line":86,"column":null}},"33":{"start":{"line":79,"column":23},"end":{"line":79,"column":null}},"34":{"start":{"line":80,"column":6},"end":{"line":80,"column":null}},"35":{"start":{"line":82,"column":6},"end":{"line":82,"column":null}},"36":{"start":{"line":83,"column":6},"end":{"line":83,"column":null}},"37":{"start":{"line":85,"column":6},"end":{"line":85,"column":null}},"38":{"start":{"line":89,"column":8},"end":{"line":95,"column":null}},"39":{"start":{"line":90,"column":4},"end":{"line":90,"column":null}},"40":{"start":{"line":90,"column":24},"end":{"line":90,"column":null}},"41":{"start":{"line":91,"column":4},"end":{"line":91,"column":null}},"42":{"start":{"line":91,"column":30},"end":{"line":91,"column":null}},"43":{"start":{"line":92,"column":4},"end":{"line":93,"column":null}},"44":{"start":{"line":93,"column":6},"end":{"line":93,"column":null}},"45":{"start":{"line":97,"column":8},"end":{"line":102,"column":null}},"46":{"start":{"line":98,"column":4},"end":{"line":98,"column":null}},"47":{"start":{"line":98,"column":70},"end":{"line":98,"column":null}},"48":{"start":{"line":99,"column":4},"end":{"line":100,"column":null}},"49":{"start":{"line":100,"column":6},"end":{"line":100,"column":null}},"50":{"start":{"line":104,"column":35},"end":{"line":115,"column":null}},"51":{"start":{"line":105,"column":4},"end":{"line":105,"column":null}},"52":{"start":{"line":106,"column":4},"end":{"line":106,"column":null}},"53":{"start":{"line":107,"column":4},"end":{"line":114,"column":null}},"54":{"start":{"line":108,"column":34},"end":{"line":109,"column":null}},"55":{"start":{"line":109,"column":14},"end":{"line":109,"column":null}},"56":{"start":{"line":111,"column":6},"end":{"line":113,"column":null}},"57":{"start":{"line":112,"column":8},"end":{"line":112,"column":null}},"58":{"start":{"line":118,"column":2},"end":{"line":188,"column":null}},"59":{"start":{"line":120,"column":19},"end":{"line":120,"column":79}},"60":{"start":{"line":125,"column":58},"end":{"line":125,"column":85}},"61":{"start":{"line":150,"column":32},"end":{"line":150,"column":null}},"62":{"start":{"line":167,"column":63},"end":{"line":176,"column":17}},"63":{"start":{"line":191,"column":2},"end":{"line":304,"column":null}},"64":{"start":{"line":193,"column":19},"end":{"line":195,"column":null}},"65":{"start":{"line":201,"column":13},"end":{"line":201,"column":null}},"66":{"start":{"line":202,"column":13},"end":{"line":202,"column":null}},"67":{"start":{"line":219,"column":34},"end":{"line":219,"column":null}},"68":{"start":{"line":240,"column":33},"end":{"line":240,"column":null}},"69":{"start":{"line":242,"column":18},"end":{"line":242,"column":null}},"70":{"start":{"line":242,"column":41},"end":{"line":242,"column":null}},"71":{"start":{"line":250,"column":49},"end":{"line":250,"column":null}},"72":{"start":{"line":270,"column":54},"end":{"line":287,"column":21}},"73":{"start":{"line":274,"column":27},"end":{"line":278,"column":null}},"74":{"start":{"line":275,"column":29},"end":{"line":275,"column":null}},"75":{"start":{"line":277,"column":29},"end":{"line":277,"column":null}},"76":{"start":{"line":307,"column":23},"end":{"line":307,"column":96}},"77":{"start":{"line":336,"column":31},"end":{"line":336,"column":null}}},"fnMap":{"0":{"name":"(anonymous_0)","decl":{"start":{"line":26,"column":19},"end":{"line":26,"column":20}},"loc":{"start":{"line":33,"column":18},"end":{"line":353,"column":null}},"line":33},"1":{"name":"(anonymous_1)","decl":{"start":{"line":46,"column":37},"end":{"line":46,"column":38}},"loc":{"start":{"line":46,"column":44},"end":{"line":46,"column":null}},"line":46},"2":{"name":"(anonymous_2)","decl":{"start":{"line":50,"column":12},"end":{"line":50,"column":null}},"loc":{"start":{"line":50,"column":12},"end":{"line":55,"column":5}},"line":50},"3":{"name":"(anonymous_3)","decl":{"start":{"line":58,"column":12},"end":{"line":58,"column":null}},"loc":{"start":{"line":58,"column":12},"end":{"line":73,"column":5}},"line":58},"4":{"name":"(anonymous_4)","decl":{"start":{"line":59,"column":35},"end":{"line":59,"column":null}},"loc":{"start":{"line":59,"column":35},"end":{"line":71,"column":null}},"line":59},"5":{"name":"(anonymous_5)","decl":{"start":{"line":75,"column":28},"end":{"line":75,"column":35}},"loc":{"start":{"line":75,"column":35},"end":{"line":87,"column":null}},"line":75},"6":{"name":"(anonymous_6)","decl":{"start":{"line":89,"column":41},"end":{"line":89,"column":null}},"loc":{"start":{"line":89,"column":41},"end":{"line":95,"column":5}},"line":89},"7":{"name":"(anonymous_7)","decl":{"start":{"line":92,"column":46},"end":{"line":92,"column":null}},"loc":{"start":{"line":93,"column":6},"end":{"line":93,"column":null}},"line":93},"8":{"name":"(anonymous_8)","decl":{"start":{"line":97,"column":41},"end":{"line":97,"column":null}},"loc":{"start":{"line":97,"column":41},"end":{"line":102,"column":5}},"line":97},"9":{"name":"(anonymous_9)","decl":{"start":{"line":99,"column":53},"end":{"line":99,"column":54}},"loc":{"start":{"line":100,"column":6},"end":{"line":100,"column":null}},"line":100},"10":{"name":"(anonymous_10)","decl":{"start":{"line":104,"column":35},"end":{"line":104,"column":36}},"loc":{"start":{"line":104,"column":36},"end":{"line":115,"column":null}},"line":104},"11":{"name":"(anonymous_11)","decl":{"start":{"line":109,"column":7},"end":{"line":109,"column":14}},"loc":{"start":{"line":109,"column":14},"end":{"line":109,"column":null}},"line":109},"12":{"name":"(anonymous_12)","decl":{"start":{"line":125,"column":52},"end":{"line":125,"column":58}},"loc":{"start":{"line":125,"column":58},"end":{"line":125,"column":85}},"line":125},"13":{"name":"(anonymous_13)","decl":{"start":{"line":149,"column":38},"end":{"line":149,"column":39}},"loc":{"start":{"line":149,"column":39},"end":{"line":159,"column":null}},"line":149},"14":{"name":"(anonymous_14)","decl":{"start":{"line":167,"column":54},"end":{"line":167,"column":55}},"loc":{"start":{"line":167,"column":63},"end":{"line":176,"column":17}},"line":167},"15":{"name":"(anonymous_15)","decl":{"start":{"line":200,"column":52},"end":{"line":200,"column":null}},"loc":{"start":{"line":200,"column":52},"end":{"line":203,"column":12}},"line":200},"16":{"name":"(anonymous_16)","decl":{"start":{"line":218,"column":40},"end":{"line":218,"column":41}},"loc":{"start":{"line":218,"column":41},"end":{"line":228,"column":null}},"line":218},"17":{"name":"(anonymous_17)","decl":{"start":{"line":240,"column":26},"end":{"line":240,"column":27}},"loc":{"start":{"line":240,"column":33},"end":{"line":240,"column":null}},"line":240},"18":{"name":"(anonymous_18)","decl":{"start":{"line":241,"column":27},"end":{"line":241,"column":28}},"loc":{"start":{"line":241,"column":28},"end":{"line":243,"column":null}},"line":241},"19":{"name":"(anonymous_19)","decl":{"start":{"line":250,"column":43},"end":{"line":250,"column":49}},"loc":{"start":{"line":250,"column":49},"end":{"line":250,"column":null}},"line":250},"20":{"name":"(anonymous_20)","decl":{"start":{"line":270,"column":47},"end":{"line":270,"column":48}},"loc":{"start":{"line":270,"column":54},"end":{"line":287,"column":21}},"line":270},"21":{"name":"(anonymous_21)","decl":{"start":{"line":273,"column":33},"end":{"line":273,"column":null}},"loc":{"start":{"line":273,"column":33},"end":{"line":279,"column":null}},"line":273},"22":{"name":"(anonymous_22)","decl":{"start":{"line":336,"column":25},"end":{"line":336,"column":31}},"loc":{"start":{"line":336,"column":31},"end":{"line":336,"column":null}},"line":336}},"branchMap":{"0":{"loc":{"start":{"line":43,"column":24},"end":{"line":43,"column":100}},"type":"binary-expr","locations":[{"start":{"line":43,"column":24},"end":{"line":43,"column":52}},{"start":{"line":43,"column":56},"end":{"line":43,"column":100}}],"line":43},"1":{"loc":{"start":{"line":45,"column":24},"end":{"line":47,"column":null}},"type":"cond-expr","locations":[{"start":{"line":46,"column":6},"end":{"line":46,"column":null}},{"start":{"line":47,"column":6},"end":{"line":47,"column":null}}],"line":45},"2":{"loc":{"start":{"line":51,"column":4},"end":{"line":51,"column":null}},"type":"if","locations":[{"start":{"line":51,"column":4},"end":{"line":51,"column":null}},{"start":{},"end":{}}],"line":51},"3":{"loc":{"start":{"line":53,"column":4},"end":{"line":53,"column":null}},"type":"if","locations":[{"start":{"line":53,"column":4},"end":{"line":53,"column":null}},{"start":{},"end":{}}],"line":53},"4":{"loc":{"start":{"line":54,"column":4},"end":{"line":54,"column":null}},"type":"if","locations":[{"start":{"line":54,"column":4},"end":{"line":54,"column":null}},{"start":{},"end":{}}],"line":54},"5":{"loc":{"start":{"line":60,"column":6},"end":{"line":70,"column":null}},"type":"if","locations":[{"start":{"line":60,"column":6},"end":{"line":70,"column":null}},{"start":{"line":67,"column":13},"end":{"line":70,"column":null}}],"line":60},"6":{"loc":{"start":{"line":76,"column":4},"end":{"line":76,"column":null}},"type":"if","locations":[{"start":{"line":76,"column":4},"end":{"line":76,"column":null}},{"start":{},"end":{}}],"line":76},"7":{"loc":{"start":{"line":90,"column":4},"end":{"line":90,"column":null}},"type":"if","locations":[{"start":{"line":90,"column":4},"end":{"line":90,"column":null}},{"start":{},"end":{}}],"line":90},"8":{"loc":{"start":{"line":91,"column":4},"end":{"line":91,"column":null}},"type":"if","locations":[{"start":{"line":91,"column":4},"end":{"line":91,"column":null}},{"start":{},"end":{}}],"line":91},"9":{"loc":{"start":{"line":98,"column":4},"end":{"line":98,"column":null}},"type":"if","locations":[{"start":{"line":98,"column":4},"end":{"line":98,"column":null}},{"start":{},"end":{}}],"line":98},"10":{"loc":{"start":{"line":98,"column":8},"end":{"line":98,"column":70}},"type":"binary-expr","locations":[{"start":{"line":98,"column":8},"end":{"line":98,"column":38}},{"start":{"line":98,"column":38},"end":{"line":98,"column":70}}],"line":98},"11":{"loc":{"start":{"line":107,"column":4},"end":{"line":114,"column":null}},"type":"if","locations":[{"start":{"line":107,"column":4},"end":{"line":114,"column":null}},{"start":{},"end":{}}],"line":107},"12":{"loc":{"start":{"line":111,"column":6},"end":{"line":113,"column":null}},"type":"if","locations":[{"start":{"line":111,"column":6},"end":{"line":113,"column":null}},{"start":{},"end":{}}],"line":111},"13":{"loc":{"start":{"line":111,"column":10},"end":{"line":111,"column":70}},"type":"binary-expr","locations":[{"start":{"line":111,"column":10},"end":{"line":111,"column":33}},{"start":{"line":111,"column":33},"end":{"line":111,"column":70}}],"line":111},"14":{"loc":{"start":{"line":118,"column":2},"end":{"line":188,"column":null}},"type":"if","locations":[{"start":{"line":118,"column":2},"end":{"line":188,"column":null}},{"start":{},"end":{}}],"line":118},"15":{"loc":{"start":{"line":150,"column":32},"end":{"line":150,"column":null}},"type":"binary-expr","locations":[{"start":{"line":150,"column":32},"end":{"line":150,"column":69}},{"start":{"line":150,"column":73},"end":{"line":150,"column":null}}],"line":150},"16":{"loc":{"start":{"line":154,"column":58},"end":{"line":154,"column":105}},"type":"cond-expr","locations":[{"start":{"line":154,"column":70},"end":{"line":154,"column":89}},{"start":{"line":154,"column":89},"end":{"line":154,"column":105}}],"line":154},"17":{"loc":{"start":{"line":191,"column":2},"end":{"line":304,"column":null}},"type":"if","locations":[{"start":{"line":191,"column":2},"end":{"line":304,"column":null}},{"start":{},"end":{}}],"line":191},"18":{"loc":{"start":{"line":193,"column":19},"end":{"line":195,"column":null}},"type":"cond-expr","locations":[{"start":{"line":194,"column":10},"end":{"line":194,"column":null}},{"start":{"line":195,"column":10},"end":{"line":195,"column":null}}],"line":193},"19":{"loc":{"start":{"line":219,"column":34},"end":{"line":219,"column":null}},"type":"binary-expr","locations":[{"start":{"line":219,"column":34},"end":{"line":219,"column":68}},{"start":{"line":219,"column":72},"end":{"line":219,"column":null}}],"line":219},"20":{"loc":{"start":{"line":221,"column":86},"end":{"line":221,"column":105}},"type":"cond-expr","locations":[{"start":{"line":221,"column":98},"end":{"line":221,"column":102}},{"start":{"line":221,"column":102},"end":{"line":221,"column":105}}],"line":221},"21":{"loc":{"start":{"line":223,"column":73},"end":{"line":223,"column":103}},"type":"cond-expr","locations":[{"start":{"line":223,"column":85},"end":{"line":223,"column":97}},{"start":{"line":223,"column":97},"end":{"line":223,"column":103}}],"line":223},"22":{"loc":{"start":{"line":242,"column":18},"end":{"line":242,"column":null}},"type":"if","locations":[{"start":{"line":242,"column":18},"end":{"line":242,"column":null}},{"start":{},"end":{}}],"line":242},"23":{"loc":{"start":{"line":250,"column":74},"end":{"line":250,"column":null}},"type":"binary-expr","locations":[{"start":{"line":250,"column":74},"end":{"line":250,"column":104}},{"start":{"line":250,"column":104},"end":{"line":250,"column":null}}],"line":250},"24":{"loc":{"start":{"line":274,"column":27},"end":{"line":278,"column":null}},"type":"if","locations":[{"start":{"line":274,"column":27},"end":{"line":278,"column":null}},{"start":{"line":276,"column":34},"end":{"line":278,"column":null}}],"line":274},"25":{"loc":{"start":{"line":307,"column":49},"end":{"line":307,"column":91}},"type":"binary-expr","locations":[{"start":{"line":307,"column":49},"end":{"line":307,"column":88}},{"start":{"line":307,"column":88},"end":{"line":307,"column":91}}],"line":307}},"s":{"0":1,"1":1,"2":7,"3":7,"4":7,"5":7,"6":7,"7":7,"8":7,"9":5,"10":7,"11":5,"12":5,"13":5,"14":5,"15":0,"16":5,"17":5,"18":7,"19":4,"20":4,"21":2,"22":2,"23":2,"24":0,"25":2,"26":2,"27":4,"28":7,"29":1,"30":0,"31":1,"32":1,"33":1,"34":1,"35":0,"36":0,"37":1,"38":7,"39":4,"40":2,"41":2,"42":2,"43":0,"44":0,"45":7,"46":4,"47":4,"48":0,"49":0,"50":7,"51":0,"52":0,"53":0,"54":0,"55":0,"56":0,"57":0,"58":7,"59":1,"60":0,"61":6,"62":0,"63":6,"64":4,"65":0,"66":0,"67":6,"68":0,"69":0,"70":0,"71":0,"72":3,"73":1,"74":1,"75":0,"76":2,"77":1},"f":{"0":7,"1":5,"2":5,"3":4,"4":4,"5":1,"6":4,"7":0,"8":4,"9":0,"10":0,"11":0,"12":0,"13":6,"14":0,"15":0,"16":6,"17":0,"18":0,"19":0,"20":3,"21":1,"22":1},"b":{"0":[7,7],"1":[5,2],"2":[5,0],"3":[0,5],"4":[5,0],"5":[2,2],"6":[0,1],"7":[2,2],"8":[2,0],"9":[4,0],"10":[4,0],"11":[0,0],"12":[0,0],"13":[0,0],"14":[1,6],"15":[6,4],"16":[2,4],"17":[4,2],"18":[1,3],"19":[6,2],"20":[4,2],"21":[4,2],"22":[0,0],"23":[0,0],"24":[1,0],"25":[2,0]},"meta":{"lastBranch":26,"lastFunction":23,"lastStatement":78,"seen":{"s:17:25:24:Infinity":0,"s:26:19:353:Infinity":1,"f:26:19:26:20":0,"s:35:53:35:Infinity":2,"s:36:49:36:Infinity":3,"s:37:45:37:Infinity":4,"s:38:43:38:Infinity":5,"s:40:8:40:Infinity":6,"s:43:21:43:112":7,"b:43:24:43:52:43:56:43:100":0,"s:45:24:47:Infinity":8,"b:46:6:46:Infinity:47:6:47:Infinity":1,"f:46:37:46:38":1,"s:46:44:46:Infinity":9,"s:50:2:55:Infinity":10,"f:50:12:50:Infinity":2,"b:51:4:51:Infinity:undefined:undefined:undefined:undefined":2,"s:51:4:51:Infinity":11,"s:51:30:51:Infinity":12,"s:52:26:52:Infinity":13,"b:53:4:53:Infinity:undefined:undefined:undefined:undefined":3,"s:53:4:53:Infinity":14,"s:53:23:53:Infinity":15,"b:54:4:54:Infinity:undefined:undefined:undefined:undefined":4,"s:54:4:54:Infinity":16,"s:54:30:54:Infinity":17,"s:58:2:73:Infinity":18,"f:58:12:58:Infinity":3,"s:59:35:71:Infinity":19,"f:59:35:59:Infinity":4,"b:60:6:70:Infinity:67:13:70:Infinity":5,"s:60:6:70:Infinity":20,"s:61:8:66:Infinity":21,"s:62:24:62:Infinity":22,"s:63:10:63:Infinity":23,"s:65:10:65:Infinity":24,"s:68:8:68:Infinity":25,"s:69:8:69:Infinity":26,"s:72:4:72:Infinity":27,"s:75:28:87:Infinity":28,"f:75:28:75:35":5,"b:76:4:76:Infinity:undefined:undefined:undefined:undefined":6,"s:76:4:76:Infinity":29,"s:76:18:76:Infinity":30,"s:77:4:77:Infinity":31,"s:78:4:86:Infinity":32,"s:79:23:79:Infinity":33,"s:80:6:80:Infinity":34,"s:82:6:82:Infinity":35,"s:83:6:83:Infinity":36,"s:85:6:85:Infinity":37,"s:89:8:95:Infinity":38,"f:89:41:89:Infinity":6,"b:90:4:90:Infinity:undefined:undefined:undefined:undefined":7,"s:90:4:90:Infinity":39,"s:90:24:90:Infinity":40,"b:91:4:91:Infinity:undefined:undefined:undefined:undefined":8,"s:91:4:91:Infinity":41,"s:91:30:91:Infinity":42,"s:92:4:93:Infinity":43,"f:92:46:92:Infinity":7,"s:93:6:93:Infinity":44,"s:97:8:102:Infinity":45,"f:97:41:97:Infinity":8,"b:98:4:98:Infinity:undefined:undefined:undefined:undefined":9,"s:98:4:98:Infinity":46,"b:98:8:98:38:98:38:98:70":10,"s:98:70:98:Infinity":47,"s:99:4:100:Infinity":48,"f:99:53:99:54":9,"s:100:6:100:Infinity":49,"s:104:35:115:Infinity":50,"f:104:35:104:36":10,"s:105:4:105:Infinity":51,"s:106:4:106:Infinity":52,"b:107:4:114:Infinity:undefined:undefined:undefined:undefined":11,"s:107:4:114:Infinity":53,"s:108:34:109:Infinity":54,"f:109:7:109:14":11,"s:109:14:109:Infinity":55,"b:111:6:113:Infinity:undefined:undefined:undefined:undefined":12,"s:111:6:113:Infinity":56,"b:111:10:111:33:111:33:111:70":13,"s:112:8:112:Infinity":57,"b:118:2:188:Infinity:undefined:undefined:undefined:undefined":14,"s:118:2:188:Infinity":58,"s:120:19:120:79":59,"f:125:52:125:58":12,"s:125:58:125:85":60,"f:149:38:149:39":13,"s:150:32:150:Infinity":61,"b:150:32:150:69:150:73:150:Infinity":15,"b:154:70:154:89:154:89:154:105":16,"f:167:54:167:55":14,"s:167:63:176:17":62,"b:191:2:304:Infinity:undefined:undefined:undefined:undefined":17,"s:191:2:304:Infinity":63,"s:193:19:195:Infinity":64,"b:194:10:194:Infinity:195:10:195:Infinity":18,"f:200:52:200:Infinity":15,"s:201:13:201:Infinity":65,"s:202:13:202:Infinity":66,"f:218:40:218:41":16,"s:219:34:219:Infinity":67,"b:219:34:219:68:219:72:219:Infinity":19,"b:221:98:221:102:221:102:221:105":20,"b:223:85:223:97:223:97:223:103":21,"f:240:26:240:27":17,"s:240:33:240:Infinity":68,"f:241:27:241:28":18,"b:242:18:242:Infinity:undefined:undefined:undefined:undefined":22,"s:242:18:242:Infinity":69,"s:242:41:242:Infinity":70,"f:250:43:250:49":19,"s:250:49:250:Infinity":71,"b:250:74:250:104:250:104:250:Infinity":23,"f:270:47:270:48":20,"s:270:54:287:21":72,"f:273:33:273:Infinity":21,"b:274:27:278:Infinity:276:34:278:Infinity":24,"s:274:27:278:Infinity":73,"s:275:29:275:Infinity":74,"s:277:29:277:Infinity":75,"s:307:23:307:96":76,"b:307:49:307:88:307:88:307:91":25,"f:336:25:336:31":22,"s:336:31:336:Infinity":77}}}
,"/home/giovani-coelho/Documentos/2025-2-OncoMap/Oncomap/frontend/src/components/MapaPage/mapa.tsx": {"path":"/home/giovani-coelho/Documentos/2025-2-OncoMap/Oncomap/frontend/src/components/MapaPage/mapa.tsx","statementMap":{"0":{"start":{"line":9,"column":51},"end":{"line":17,"column":null}},"1":{"start":{"line":33,"column":21},"end":{"line":36,"column":null}},"2":{"start":{"line":47,"column":43},"end":{"line":264,"column":null}},"3":{"start":{"line":55,"column":21},"end":{"line":55,"column":null}},"4":{"start":{"line":56,"column":41},"end":{"line":56,"column":null}},"5":{"start":{"line":58,"column":49},"end":{"line":58,"column":null}},"6":{"start":{"line":59,"column":47},"end":{"line":59,"column":null}},"7":{"start":{"line":61,"column":8},"end":{"line":61,"column":null}},"8":{"start":{"line":62,"column":8},"end":{"line":62,"column":null}},"9":{"start":{"line":64,"column":8},"end":{"line":66,"column":null}},"10":{"start":{"line":65,"column":10},"end":{"line":65,"column":null}},"11":{"start":{"line":65,"column":55},"end":{"line":65,"column":65}},"12":{"start":{"line":69,"column":2},"end":{"line":71,"column":null}},"13":{"start":{"line":70,"column":4},"end":{"line":70,"column":null}},"14":{"start":{"line":70,"column":13},"end":{"line":70,"column":null}},"15":{"start":{"line":70,"column":30},"end":{"line":70,"column":52}},"16":{"start":{"line":73,"column":2},"end":{"line":94,"column":null}},"17":{"start":{"line":74,"column":4},"end":{"line":74,"column":null}},"18":{"start":{"line":74,"column":14},"end":{"line":74,"column":null}},"19":{"start":{"line":76,"column":4},"end":{"line":93,"column":null}},"20":{"start":{"line":77,"column":33},"end":{"line":78,"column":null}},"21":{"start":{"line":78,"column":15},"end":{"line":78,"column":null}},"22":{"start":{"line":80,"column":6},"end":{"line":85,"column":null}},"23":{"start":{"line":81,"column":23},"end":{"line":81,"column":null}},"24":{"start":{"line":82,"column":8},"end":{"line":84,"column":null}},"25":{"start":{"line":83,"column":10},"end":{"line":83,"column":null}},"26":{"start":{"line":86,"column":11},"end":{"line":93,"column":null}},"27":{"start":{"line":87,"column":21},"end":{"line":87,"column":null}},"28":{"start":{"line":88,"column":6},"end":{"line":90,"column":null}},"29":{"start":{"line":89,"column":8},"end":{"line":89,"column":null}},"30":{"start":{"line":92,"column":6},"end":{"line":92,"column":null}},"31":{"start":{"line":96,"column":2},"end":{"line":119,"column":null}},"32":{"start":{"line":97,"column":4},"end":{"line":118,"column":null}},"33":{"start":{"line":98,"column":23},"end":{"line":98,"column":null}},"34":{"start":{"line":99,"column":6},"end":{"line":103,"column":null}},"35":{"start":{"line":100,"column":8},"end":{"line":100,"column":null}},"36":{"start":{"line":101,"column":8},"end":{"line":101,"column":null}},"37":{"start":{"line":102,"column":8},"end":{"line":102,"column":null}},"38":{"start":{"line":104,"column":28},"end":{"line":104,"column":51}},"39":{"start":{"line":105,"column":6},"end":{"line":114,"column":null}},"40":{"start":{"line":106,"column":15},"end":{"line":106,"column":null}},"41":{"start":{"line":107,"column":23},"end":{"line":107,"column":null}},"42":{"start":{"line":108,"column":10},"end":{"line":108,"column":null}},"43":{"start":{"line":109,"column":10},"end":{"line":109,"column":null}},"44":{"start":{"line":112,"column":10},"end":{"line":112,"column":null}},"45":{"start":{"line":113,"column":10},"end":{"line":113,"column":null}},"46":{"start":{"line":116,"column":6},"end":{"line":116,"column":null}},"47":{"start":{"line":117,"column":6},"end":{"line":117,"column":null}},"48":{"start":{"line":121,"column":22},"end":{"line":141,"column":null}},"49":{"start":{"line":122,"column":14},"end":{"line":122,"column":null}},"50":{"start":{"line":123,"column":4},"end":{"line":123,"column":null}},"51":{"start":{"line":123,"column":12},"end":{"line":123,"column":null}},"52":{"start":{"line":124,"column":20},"end":{"line":124,"column":null}},"53":{"start":{"line":125,"column":27},"end":{"line":125,"column":null}},"54":{"start":{"line":127,"column":4},"end":{"line":129,"column":null}},"55":{"start":{"line":128,"column":6},"end":{"line":128,"column":null}},"56":{"start":{"line":131,"column":4},"end":{"line":139,"column":null}},"57":{"start":{"line":132,"column":6},"end":{"line":138,"column":null}},"58":{"start":{"line":133,"column":8},"end":{"line":134,"column":null}},"59":{"start":{"line":134,"column":10},"end":{"line":134,"column":null}},"60":{"start":{"line":136,"column":8},"end":{"line":137,"column":null}},"61":{"start":{"line":137,"column":10},"end":{"line":137,"column":null}},"62":{"start":{"line":140,"column":4},"end":{"line":140,"column":null}},"63":{"start":{"line":143,"column":29},"end":{"line":171,"column":null}},"64":{"start":{"line":144,"column":23},"end":{"line":144,"column":null}},"65":{"start":{"line":145,"column":27},"end":{"line":145,"column":null}},"66":{"start":{"line":147,"column":19},"end":{"line":147,"column":48}},"67":{"start":{"line":148,"column":25},"end":{"line":151,"column":null}},"68":{"start":{"line":153,"column":27},"end":{"line":155,"column":null}},"69":{"start":{"line":157,"column":4},"end":{"line":157,"column":null}},"70":{"start":{"line":159,"column":4},"end":{"line":170,"column":null}},"71":{"start":{"line":160,"column":23},"end":{"line":160,"column":null}},"72":{"start":{"line":161,"column":22},"end":{"line":161,"column":null}},"73":{"start":{"line":163,"column":8},"end":{"line":168,"column":null}},"74":{"start":{"line":164,"column":25},"end":{"line":164,"column":null}},"75":{"start":{"line":165,"column":10},"end":{"line":165,"column":null}},"76":{"start":{"line":166,"column":15},"end":{"line":168,"column":null}},"77":{"start":{"line":167,"column":10},"end":{"line":167,"column":null}},"78":{"start":{"line":173,"column":26},"end":{"line":189,"column":null}},"79":{"start":{"line":174,"column":23},"end":{"line":174,"column":null}},"80":{"start":{"line":175,"column":4},"end":{"line":175,"column":null}},"81":{"start":{"line":175,"column":21},"end":{"line":175,"column":null}},"82":{"start":{"line":176,"column":17},"end":{"line":176,"column":null}},"83":{"start":{"line":177,"column":22},"end":{"line":179,"column":null}},"84":{"start":{"line":180,"column":22},"end":{"line":180,"column":82}},"85":{"start":{"line":182,"column":4},"end":{"line":184,"column":null}},"86":{"start":{"line":183,"column":6},"end":{"line":183,"column":null}},"87":{"start":{"line":185,"column":4},"end":{"line":187,"column":null}},"88":{"start":{"line":186,"column":6},"end":{"line":186,"column":null}},"89":{"start":{"line":188,"column":4},"end":{"line":188,"column":null}},"90":{"start":{"line":191,"column":33},"end":{"line":214,"column":null}},"91":{"start":{"line":192,"column":23},"end":{"line":192,"column":null}},"92":{"start":{"line":193,"column":26},"end":{"line":193,"column":null}},"93":{"start":{"line":194,"column":4},"end":{"line":194,"column":null}},"94":{"start":{"line":196,"column":4},"end":{"line":213,"column":null}},"95":{"start":{"line":198,"column":8},"end":{"line":198,"column":null}},"96":{"start":{"line":199,"column":28},"end":{"line":199,"column":40}},"97":{"start":{"line":200,"column":8},"end":{"line":202,"column":null}},"98":{"start":{"line":201,"column":10},"end":{"line":201,"column":null}},"99":{"start":{"line":205,"column":8},"end":{"line":205,"column":null}},"100":{"start":{"line":206,"column":28},"end":{"line":206,"column":40}},"101":{"start":{"line":208,"column":8},"end":{"line":211,"column":null}},"102":{"start":{"line":209,"column":26},"end":{"line":209,"column":null}},"103":{"start":{"line":210,"column":12},"end":{"line":210,"column":null}},"104":{"start":{"line":216,"column":8},"end":{"line":232,"column":null}},"105":{"start":{"line":217,"column":4},"end":{"line":222,"column":null}},"106":{"start":{"line":218,"column":27},"end":{"line":218,"column":null}},"107":{"start":{"line":218,"column":57},"end":{"line":218,"column":null}},"108":{"start":{"line":219,"column":6},"end":{"line":221,"column":null}},"109":{"start":{"line":223,"column":4},"end":{"line":230,"column":null}},"110":{"start":{"line":224,"column":6},"end":{"line":228,"column":null}},"111":{"start":{"line":231,"column":4},"end":{"line":231,"column":null}}},"fnMap":{"0":{"name":"(anonymous_0)","decl":{"start":{"line":47,"column":43},"end":{"line":47,"column":44}},"loc":{"start":{"line":54,"column":1},"end":{"line":264,"column":null}},"line":54},"1":{"name":"(anonymous_1)","decl":{"start":{"line":65,"column":4},"end":{"line":65,"column":10}},"loc":{"start":{"line":65,"column":10},"end":{"line":65,"column":null}},"line":65},"2":{"name":"(anonymous_2)","decl":{"start":{"line":65,"column":48},"end":{"line":65,"column":49}},"loc":{"start":{"line":65,"column":55},"end":{"line":65,"column":65}},"line":65},"3":{"name":"(anonymous_3)","decl":{"start":{"line":69,"column":12},"end":{"line":69,"column":null}},"loc":{"start":{"line":69,"column":12},"end":{"line":71,"column":5}},"line":69},"4":{"name":"(anonymous_4)","decl":{"start":{"line":70,"column":24},"end":{"line":70,"column":30}},"loc":{"start":{"line":70,"column":30},"end":{"line":70,"column":52}},"line":70},"5":{"name":"(anonymous_5)","decl":{"start":{"line":73,"column":12},"end":{"line":73,"column":null}},"loc":{"start":{"line":73,"column":12},"end":{"line":94,"column":5}},"line":73},"6":{"name":"(anonymous_6)","decl":{"start":{"line":78,"column":8},"end":{"line":78,"column":9}},"loc":{"start":{"line":78,"column":15},"end":{"line":78,"column":null}},"line":78},"7":{"name":"(anonymous_7)","decl":{"start":{"line":96,"column":12},"end":{"line":96,"column":null}},"loc":{"start":{"line":96,"column":12},"end":{"line":119,"column":5}},"line":96},"8":{"name":"(anonymous_8)","decl":{"start":{"line":106,"column":15},"end":{"line":106,"column":null}},"loc":{"start":{"line":106,"column":15},"end":{"line":106,"column":null}},"line":106},"9":{"name":"(anonymous_9)","decl":{"start":{"line":111,"column":15},"end":{"line":111,"column":null}},"loc":{"start":{"line":111,"column":15},"end":{"line":114,"column":null}},"line":111},"10":{"name":"(anonymous_10)","decl":{"start":{"line":121,"column":22},"end":{"line":121,"column":23}},"loc":{"start":{"line":121,"column":23},"end":{"line":141,"column":null}},"line":121},"11":{"name":"(anonymous_11)","decl":{"start":{"line":143,"column":29},"end":{"line":143,"column":30}},"loc":{"start":{"line":143,"column":48},"end":{"line":171,"column":null}},"line":143},"12":{"name":"(anonymous_12)","decl":{"start":{"line":160,"column":17},"end":{"line":160,"column":23}},"loc":{"start":{"line":160,"column":23},"end":{"line":160,"column":null}},"line":160},"13":{"name":"(anonymous_13)","decl":{"start":{"line":161,"column":16},"end":{"line":161,"column":22}},"loc":{"start":{"line":161,"column":22},"end":{"line":161,"column":null}},"line":161},"14":{"name":"(anonymous_14)","decl":{"start":{"line":162,"column":13},"end":{"line":162,"column":null}},"loc":{"start":{"line":162,"column":13},"end":{"line":169,"column":null}},"line":162},"15":{"name":"(anonymous_15)","decl":{"start":{"line":173,"column":26},"end":{"line":173,"column":27}},"loc":{"start":{"line":173,"column":27},"end":{"line":189,"column":null}},"line":173},"16":{"name":"(anonymous_16)","decl":{"start":{"line":191,"column":33},"end":{"line":191,"column":34}},"loc":{"start":{"line":191,"column":52},"end":{"line":214,"column":null}},"line":191},"17":{"name":"(anonymous_17)","decl":{"start":{"line":197,"column":17},"end":{"line":197,"column":18}},"loc":{"start":{"line":197,"column":18},"end":{"line":203,"column":null}},"line":197},"18":{"name":"(anonymous_18)","decl":{"start":{"line":204,"column":16},"end":{"line":204,"column":17}},"loc":{"start":{"line":204,"column":17},"end":{"line":212,"column":null}},"line":204},"19":{"name":"(anonymous_19)","decl":{"start":{"line":216,"column":56},"end":{"line":216,"column":null}},"loc":{"start":{"line":216,"column":56},"end":{"line":232,"column":5}},"line":216},"20":{"name":"(anonymous_20)","decl":{"start":{"line":218,"column":50},"end":{"line":218,"column":51}},"loc":{"start":{"line":218,"column":57},"end":{"line":218,"column":null}},"line":218}},"branchMap":{"0":{"loc":{"start":{"line":70,"column":4},"end":{"line":70,"column":null}},"type":"if","locations":[{"start":{"line":70,"column":4},"end":{"line":70,"column":null}},{"start":{},"end":{}}],"line":70},"1":{"loc":{"start":{"line":74,"column":4},"end":{"line":74,"column":null}},"type":"if","locations":[{"start":{"line":74,"column":4},"end":{"line":74,"column":null}},{"start":{},"end":{}}],"line":74},"2":{"loc":{"start":{"line":76,"column":4},"end":{"line":93,"column":null}},"type":"if","locations":[{"start":{"line":76,"column":4},"end":{"line":93,"column":null}},{"start":{"line":86,"column":11},"end":{"line":93,"column":null}}],"line":76},"3":{"loc":{"start":{"line":80,"column":6},"end":{"line":85,"column":null}},"type":"if","locations":[{"start":{"line":80,"column":6},"end":{"line":85,"column":null}},{"start":{},"end":{}}],"line":80},"4":{"loc":{"start":{"line":82,"column":8},"end":{"line":84,"column":null}},"type":"if","locations":[{"start":{"line":82,"column":8},"end":{"line":84,"column":null}},{"start":{},"end":{}}],"line":82},"5":{"loc":{"start":{"line":86,"column":11},"end":{"line":93,"column":null}},"type":"if","locations":[{"start":{"line":86,"column":11},"end":{"line":93,"column":null}},{"start":{"line":91,"column":11},"end":{"line":93,"column":null}}],"line":86},"6":{"loc":{"start":{"line":86,"column":15},"end":{"line":86,"column":56}},"type":"binary-expr","locations":[{"start":{"line":86,"column":15},"end":{"line":86,"column":33}},{"start":{"line":86,"column":33},"end":{"line":86,"column":56}}],"line":86},"7":{"loc":{"start":{"line":88,"column":6},"end":{"line":90,"column":null}},"type":"if","locations":[{"start":{"line":88,"column":6},"end":{"line":90,"column":null}},{"start":{},"end":{}}],"line":88},"8":{"loc":{"start":{"line":97,"column":4},"end":{"line":118,"column":null}},"type":"if","locations":[{"start":{"line":97,"column":4},"end":{"line":118,"column":null}},{"start":{"line":115,"column":11},"end":{"line":118,"column":null}}],"line":97},"9":{"loc":{"start":{"line":99,"column":6},"end":{"line":103,"column":null}},"type":"if","locations":[{"start":{"line":99,"column":6},"end":{"line":103,"column":null}},{"start":{},"end":{}}],"line":99},"10":{"loc":{"start":{"line":107,"column":23},"end":{"line":107,"column":null}},"type":"binary-expr","locations":[{"start":{"line":107,"column":23},"end":{"line":107,"column":37}},{"start":{"line":107,"column":41},"end":{"line":107,"column":null}}],"line":107},"11":{"loc":{"start":{"line":123,"column":4},"end":{"line":123,"column":null}},"type":"if","locations":[{"start":{"line":123,"column":4},"end":{"line":123,"column":null}},{"start":{},"end":{}}],"line":123},"12":{"loc":{"start":{"line":127,"column":4},"end":{"line":129,"column":null}},"type":"if","locations":[{"start":{"line":127,"column":4},"end":{"line":129,"column":null}},{"start":{},"end":{}}],"line":127},"13":{"loc":{"start":{"line":127,"column":8},"end":{"line":127,"column":65}},"type":"binary-expr","locations":[{"start":{"line":127,"column":8},"end":{"line":127,"column":25}},{"start":{"line":127,"column":25},"end":{"line":127,"column":65}}],"line":127},"14":{"loc":{"start":{"line":131,"column":4},"end":{"line":139,"column":null}},"type":"if","locations":[{"start":{"line":131,"column":4},"end":{"line":139,"column":null}},{"start":{},"end":{}}],"line":131},"15":{"loc":{"start":{"line":132,"column":6},"end":{"line":138,"column":null}},"type":"if","locations":[{"start":{"line":132,"column":6},"end":{"line":138,"column":null}},{"start":{"line":135,"column":13},"end":{"line":138,"column":null}}],"line":132},"16":{"loc":{"start":{"line":133,"column":8},"end":{"line":134,"column":null}},"type":"if","locations":[{"start":{"line":133,"column":8},"end":{"line":134,"column":null}},{"start":{},"end":{}}],"line":133},"17":{"loc":{"start":{"line":136,"column":8},"end":{"line":137,"column":null}},"type":"if","locations":[{"start":{"line":136,"column":8},"end":{"line":137,"column":null}},{"start":{},"end":{}}],"line":136},"18":{"loc":{"start":{"line":145,"column":27},"end":{"line":145,"column":null}},"type":"binary-expr","locations":[{"start":{"line":145,"column":27},"end":{"line":145,"column":55}},{"start":{"line":145,"column":59},"end":{"line":145,"column":null}}],"line":145},"19":{"loc":{"start":{"line":148,"column":25},"end":{"line":151,"column":null}},"type":"binary-expr","locations":[{"start":{"line":148,"column":25},"end":{"line":148,"column":26}},{"start":{"line":148,"column":36},"end":{"line":148,"column":62}},{"start":{"line":149,"column":9},"end":{"line":149,"column":35}},{"start":{"line":150,"column":9},"end":{"line":150,"column":35}},{"start":{"line":151,"column":9},"end":{"line":151,"column":null}}],"line":148},"20":{"loc":{"start":{"line":153,"column":27},"end":{"line":155,"column":null}},"type":"cond-expr","locations":[{"start":{"line":154,"column":8},"end":{"line":154,"column":null}},{"start":{"line":155,"column":8},"end":{"line":155,"column":null}}],"line":153},"21":{"loc":{"start":{"line":163,"column":8},"end":{"line":168,"column":null}},"type":"if","locations":[{"start":{"line":163,"column":8},"end":{"line":168,"column":null}},{"start":{"line":166,"column":15},"end":{"line":168,"column":null}}],"line":163},"22":{"loc":{"start":{"line":164,"column":25},"end":{"line":164,"column":null}},"type":"binary-expr","locations":[{"start":{"line":164,"column":25},"end":{"line":164,"column":72}},{"start":{"line":164,"column":72},"end":{"line":164,"column":null}}],"line":164},"23":{"loc":{"start":{"line":166,"column":15},"end":{"line":168,"column":null}},"type":"if","locations":[{"start":{"line":166,"column":15},"end":{"line":168,"column":null}},{"start":{},"end":{}}],"line":166},"24":{"loc":{"start":{"line":167,"column":27},"end":{"line":167,"column":null}},"type":"binary-expr","locations":[{"start":{"line":167,"column":27},"end":{"line":167,"column":56}},{"start":{"line":167,"column":60},"end":{"line":167,"column":null}}],"line":167},"25":{"loc":{"start":{"line":175,"column":4},"end":{"line":175,"column":null}},"type":"if","locations":[{"start":{"line":175,"column":4},"end":{"line":175,"column":null}},{"start":{},"end":{}}],"line":175},"26":{"loc":{"start":{"line":177,"column":22},"end":{"line":179,"column":null}},"type":"cond-expr","locations":[{"start":{"line":178,"column":8},"end":{"line":178,"column":null}},{"start":{"line":179,"column":8},"end":{"line":179,"column":null}}],"line":177},"27":{"loc":{"start":{"line":182,"column":4},"end":{"line":184,"column":null}},"type":"if","locations":[{"start":{"line":182,"column":4},"end":{"line":184,"column":null}},{"start":{},"end":{}}],"line":182},"28":{"loc":{"start":{"line":182,"column":8},"end":{"line":182,"column":41}},"type":"binary-expr","locations":[{"start":{"line":182,"column":8},"end":{"line":182,"column":21}},{"start":{"line":182,"column":21},"end":{"line":182,"column":41}}],"line":182},"29":{"loc":{"start":{"line":185,"column":4},"end":{"line":187,"column":null}},"type":"if","locations":[{"start":{"line":185,"column":4},"end":{"line":187,"column":null}},{"start":{},"end":{}}],"line":185},"30":{"loc":{"start":{"line":193,"column":26},"end":{"line":193,"column":null}},"type":"binary-expr","locations":[{"start":{"line":193,"column":26},"end":{"line":193,"column":52}},{"start":{"line":193,"column":56},"end":{"line":193,"column":82}},{"start":{"line":193,"column":86},"end":{"line":193,"column":null}}],"line":193},"31":{"loc":{"start":{"line":200,"column":8},"end":{"line":202,"column":null}},"type":"if","locations":[{"start":{"line":200,"column":8},"end":{"line":202,"column":null}},{"start":{},"end":{}}],"line":200},"32":{"loc":{"start":{"line":208,"column":8},"end":{"line":211,"column":null}},"type":"if","locations":[{"start":{"line":208,"column":8},"end":{"line":211,"column":null}},{"start":{},"end":{}}],"line":208},"33":{"loc":{"start":{"line":217,"column":4},"end":{"line":222,"column":null}},"type":"if","locations":[{"start":{"line":217,"column":4},"end":{"line":222,"column":null}},{"start":{},"end":{}}],"line":217},"34":{"loc":{"start":{"line":219,"column":13},"end":{"line":221,"column":null}},"type":"cond-expr","locations":[{"start":{"line":220,"column":10},"end":{"line":220,"column":null}},{"start":{"line":221,"column":10},"end":{"line":221,"column":null}}],"line":219},"35":{"loc":{"start":{"line":223,"column":4},"end":{"line":230,"column":null}},"type":"if","locations":[{"start":{"line":223,"column":4},"end":{"line":230,"column":null}},{"start":{},"end":{}}],"line":223},"36":{"loc":{"start":{"line":225,"column":8},"end":{"line":228,"column":null}},"type":"binary-expr","locations":[{"start":{"line":225,"column":8},"end":{"line":225,"column":69}},{"start":{"line":225,"column":94},"end":{"line":228,"column":null}}],"line":225},"37":{"loc":{"start":{"line":246,"column":18},"end":{"line":246,"column":45}},"type":"binary-expr","locations":[{"start":{"line":246,"column":18},"end":{"line":246,"column":36}},{"start":{"line":246,"column":36},"end":{"line":246,"column":45}}],"line":246},"38":{"loc":{"start":{"line":246,"column":48},"end":{"line":246,"column":73}},"type":"binary-expr","locations":[{"start":{"line":246,"column":48},"end":{"line":246,"column":65}},{"start":{"line":246,"column":65},"end":{"line":246,"column":73}}],"line":246}},"s":{"0":1,"1":1,"2":1,"3":3,"4":3,"5":3,"6":3,"7":3,"8":3,"9":3,"10":3,"11":15,"12":3,"13":3,"14":0,"15":0,"16":3,"17":3,"18":3,"19":0,"20":0,"21":0,"22":0,"23":0,"24":0,"25":0,"26":0,"27":0,"28":0,"29":0,"30":0,"31":3,"32":3,"33":1,"34":1,"35":0,"36":0,"37":0,"38":1,"39":1,"40":0,"41":0,"42":0,"43":0,"44":0,"45":0,"46":2,"47":2,"48":3,"49":0,"50":0,"51":0,"52":0,"53":0,"54":0,"55":0,"56":0,"57":0,"58":0,"59":0,"60":0,"61":0,"62":0,"63":3,"64":0,"65":0,"66":0,"67":0,"68":0,"69":0,"70":0,"71":0,"72":0,"73":0,"74":0,"75":0,"76":0,"77":0,"78":3,"79":0,"80":0,"81":0,"82":0,"83":0,"84":0,"85":0,"86":0,"87":0,"88":0,"89":0,"90":3,"91":0,"92":0,"93":0,"94":0,"95":0,"96":0,"97":0,"98":0,"99":0,"100":0,"101":0,"102":0,"103":0,"104":3,"105":3,"106":1,"107":21,"108":1,"109":2,"110":1,"111":1},"f":{"0":3,"1":3,"2":15,"3":3,"4":0,"5":3,"6":0,"7":3,"8":1,"9":0,"10":0,"11":0,"12":0,"13":0,"14":0,"15":0,"16":0,"17":0,"18":0,"19":3,"20":21},"b":{"0":[0,3],"1":[3,0],"2":[0,0],"3":[0,0],"4":[0,0],"5":[0,0],"6":[0,0],"7":[0,0],"8":[1,2],"9":[0,1],"10":[0,0],"11":[0,0],"12":[0,0],"13":[0,0],"14":[0,0],"15":[0,0],"16":[0,0],"17":[0,0],"18":[0,0],"19":[0,0,0,0,0],"20":[0,0],"21":[0,0],"22":[0,0],"23":[0,0],"24":[0,0],"25":[0,0],"26":[0,0],"27":[0,0],"28":[0,0],"29":[0,0],"30":[0,0,0],"31":[0,0],"32":[0,0],"33":[1,2],"34":[1,0],"35":[1,1],"36":[1,0],"37":[3,2],"38":[3,2]},"meta":{"lastBranch":39,"lastFunction":21,"lastStatement":112,"seen":{"s:9:51:17:Infinity":0,"s:33:21:36:Infinity":1,"s:47:43:264:Infinity":2,"f:47:43:47:44":0,"s:55:21:55:Infinity":3,"s:56:41:56:Infinity":4,"s:58:49:58:Infinity":5,"s:59:47:59:Infinity":6,"s:61:8:61:Infinity":7,"s:62:8:62:Infinity":8,"s:64:8:66:Infinity":9,"f:65:4:65:10":1,"s:65:10:65:Infinity":10,"f:65:48:65:49":2,"s:65:55:65:65":11,"s:69:2:71:Infinity":12,"f:69:12:69:Infinity":3,"b:70:4:70:Infinity:undefined:undefined:undefined:undefined":0,"s:70:4:70:Infinity":13,"s:70:13:70:Infinity":14,"f:70:24:70:30":4,"s:70:30:70:52":15,"s:73:2:94:Infinity":16,"f:73:12:73:Infinity":5,"b:74:4:74:Infinity:undefined:undefined:undefined:undefined":1,"s:74:4:74:Infinity":17,"s:74:14:74:Infinity":18,"b:76:4:93:Infinity:86:11:93:Infinity":2,"s:76:4:93:Infinity":19,"s:77:33:78:Infinity":20,"f:78:8:78:9":6,"s:78:15:78:Infinity":21,"b:80:6:85:Infinity:undefined:undefined:undefined:undefined":3,"s:80:6:85:Infinity":22,"s:81:23:81:Infinity":23,"b:82:8:84:Infinity:undefined:undefined:undefined:undefined":4,"s:82:8:84:Infinity":24,"s:83:10:83:Infinity":25,"b:86:11:93:Infinity:91:11:93:Infinity":5,"s:86:11:93:Infinity":26,"b:86:15:86:33:86:33:86:56":6,"s:87:21:87:Infinity":27,"b:88:6:90:Infinity:undefined:undefined:undefined:undefined":7,"s:88:6:90:Infinity":28,"s:89:8:89:Infinity":29,"s:92:6:92:Infinity":30,"s:96:2:119:Infinity":31,"f:96:12:96:Infinity":7,"b:97:4:118:Infinity:115:11:118:Infinity":8,"s:97:4:118:Infinity":32,"s:98:23:98:Infinity":33,"b:99:6:103:Infinity:undefined:undefined:undefined:undefined":9,"s:99:6:103:Infinity":34,"s:100:8:100:Infinity":35,"s:101:8:101:Infinity":36,"s:102:8:102:Infinity":37,"s:104:28:104:51":38,"s:105:6:114:Infinity":39,"f:106:15:106:Infinity":8,"s:106:15:106:Infinity":40,"s:107:23:107:Infinity":41,"b:107:23:107:37:107:41:107:Infinity":10,"s:108:10:108:Infinity":42,"s:109:10:109:Infinity":43,"f:111:15:111:Infinity":9,"s:112:10:112:Infinity":44,"s:113:10:113:Infinity":45,"s:116:6:116:Infinity":46,"s:117:6:117:Infinity":47,"s:121:22:141:Infinity":48,"f:121:22:121:23":10,"s:122:14:122:Infinity":49,"b:123:4:123:Infinity:undefined:undefined:undefined:undefined":11,"s:123:4:123:Infinity":50,"s:123:12:123:Infinity":51,"s:124:20:124:Infinity":52,"s:125:27:125:Infinity":53,"b:127:4:129:Infinity:undefined:undefined:undefined:undefined":12,"s:127:4:129:Infinity":54,"b:127:8:127:25:127:25:127:65":13,"s:128:6:128:Infinity":55,"b:131:4:139:Infinity:undefined:undefined:undefined:undefined":14,"s:131:4:139:Infinity":56,"b:132:6:138:Infinity:135:13:138:Infinity":15,"s:132:6:138:Infinity":57,"b:133:8:134:Infinity:undefined:undefined:undefined:undefined":16,"s:133:8:134:Infinity":58,"s:134:10:134:Infinity":59,"b:136:8:137:Infinity:undefined:undefined:undefined:undefined":17,"s:136:8:137:Infinity":60,"s:137:10:137:Infinity":61,"s:140:4:140:Infinity":62,"s:143:29:171:Infinity":63,"f:143:29:143:30":11,"s:144:23:144:Infinity":64,"s:145:27:145:Infinity":65,"b:145:27:145:55:145:59:145:Infinity":18,"s:147:19:147:48":66,"s:148:25:151:Infinity":67,"b:148:25:148:26:148:36:148:62:149:9:149:35:150:9:150:35:151:9:151:Infinity":19,"s:153:27:155:Infinity":68,"b:154:8:154:Infinity:155:8:155:Infinity":20,"s:157:4:157:Infinity":69,"s:159:4:170:Infinity":70,"f:160:17:160:23":12,"s:160:23:160:Infinity":71,"f:161:16:161:22":13,"s:161:22:161:Infinity":72,"f:162:13:162:Infinity":14,"b:163:8:168:Infinity:166:15:168:Infinity":21,"s:163:8:168:Infinity":73,"s:164:25:164:Infinity":74,"b:164:25:164:72:164:72:164:Infinity":22,"s:165:10:165:Infinity":75,"b:166:15:168:Infinity:undefined:undefined:undefined:undefined":23,"s:166:15:168:Infinity":76,"s:167:10:167:Infinity":77,"b:167:27:167:56:167:60:167:Infinity":24,"s:173:26:189:Infinity":78,"f:173:26:173:27":15,"s:174:23:174:Infinity":79,"b:175:4:175:Infinity:undefined:undefined:undefined:undefined":25,"s:175:4:175:Infinity":80,"s:175:21:175:Infinity":81,"s:176:17:176:Infinity":82,"s:177:22:179:Infinity":83,"b:178:8:178:Infinity:179:8:179:Infinity":26,"s:180:22:180:82":84,"b:182:4:184:Infinity:undefined:undefined:undefined:undefined":27,"s:182:4:184:Infinity":85,"b:182:8:182:21:182:21:182:41":28,"s:183:6:183:Infinity":86,"b:185:4:187:Infinity:undefined:undefined:undefined:undefined":29,"s:185:4:187:Infinity":87,"s:186:6:186:Infinity":88,"s:188:4:188:Infinity":89,"s:191:33:214:Infinity":90,"f:191:33:191:34":16,"s:192:23:192:Infinity":91,"s:193:26:193:Infinity":92,"b:193:26:193:52:193:56:193:82:193:86:193:Infinity":30,"s:194:4:194:Infinity":93,"s:196:4:213:Infinity":94,"f:197:17:197:18":17,"s:198:8:198:Infinity":95,"s:199:28:199:40":96,"b:200:8:202:Infinity:undefined:undefined:undefined:undefined":31,"s:200:8:202:Infinity":97,"s:201:10:201:Infinity":98,"f:204:16:204:17":18,"s:205:8:205:Infinity":99,"s:206:28:206:40":100,"b:208:8:211:Infinity:undefined:undefined:undefined:undefined":32,"s:208:8:211:Infinity":101,"s:209:26:209:Infinity":102,"s:210:12:210:Infinity":103,"s:216:8:232:Infinity":104,"f:216:56:216:Infinity":19,"b:217:4:222:Infinity:undefined:undefined:undefined:undefined":33,"s:217:4:222:Infinity":105,"s:218:27:218:Infinity":106,"f:218:50:218:51":20,"s:218:57:218:Infinity":107,"s:219:6:221:Infinity":108,"b:220:10:220:Infinity:221:10:221:Infinity":34,"b:223:4:230:Infinity:undefined:undefined:undefined:undefined":35,"s:223:4:230:Infinity":109,"s:224:6:228:Infinity":110,"b:225:8:225:69:225:94:228:Infinity":36,"s:231:4:231:Infinity":111,"b:246:18:246:36:246:36:246:45":37,"b:246:48:246:65:246:65:246:73":38}}}
,"/home/giovani-coelho/Documentos/2025-2-OncoMap/Oncomap/frontend/src/data/regioes.ts": {"path":"/home/giovani-coelho/Documentos/2025-2-OncoMap/Oncomap/frontend/src/data/regioes.ts","statementMap":{"0":{"start":{"line":51,"column":28},"end":{"line":62,"column":null}},"1":{"start":{"line":55,"column":2},"end":{"line":61,"column":null}},"2":{"start":{"line":55,"column":34},"end":{"line":61,"column":null}},"3":{"start":{"line":65,"column":71},"end":{"line":133,"column":null}}},"fnMap":{"0":{"name":"(anonymous_0)","decl":{"start":{"line":51,"column":28},"end":{"line":51,"column":null}},"loc":{"start":{"line":53,"column":2},"end":{"line":62,"column":null}},"line":53},"1":{"name":"(anonymous_1)","decl":{"start":{"line":55,"column":22},"end":{"line":55,"column":34}},"loc":{"start":{"line":55,"column":34},"end":{"line":61,"column":null}},"line":55}},"branchMap":{},"s":{"0":1,"1":5,"2":27,"3":1},"f":{"0":5,"1":27},"b":{},"meta":{"lastBranch":0,"lastFunction":2,"lastStatement":4,"seen":{"s:51:28:62:Infinity":0,"f:51:28:51:Infinity":0,"s:55:2:61:Infinity":1,"f:55:22:55:34":1,"s:55:34:61:Infinity":2,"s:65:71:133:Infinity":3}}}
,"/home/giovani-coelho/Documentos/2025-2-OncoMap/Oncomap/frontend/src/data/estados/macroregions-ac-12.json": {"path":"/home/giovani-coelho/Documentos/2025-2-OncoMap/Oncomap/frontend/src/data/estados/macroregions-ac-12.json","statementMap":{},"fnMap":{},"branchMap":{},"s":{},"f":{},"b":{},"meta":{"lastBranch":0,"lastFunction":0,"lastStatement":0,"seen":{}}}
,"/home/giovani-coelho/Documentos/2025-2-OncoMap/Oncomap/frontend/src/data/estados/macroregions-al-27.json": {"path":"/home/giovani-coelho/Documentos/2025-2-OncoMap/Oncomap/frontend/src/data/estados/macroregions-al-27.json","statementMap":{},"fnMap":{},"branchMap":{},"s":{},"f":{},"b":{},"meta":{"lastBranch":0,"lastFunction":0,"lastStatement":0,"seen":{}}}
,"/home/giovani-coelho/Documentos/2025-2-OncoMap/Oncomap/frontend/src/data/estados/macroregions-am-13.json": {"path":"/home/giovani-coelho/Documentos/2025-2-OncoMap/Oncomap/frontend/src/data/estados/macroregions-am-13.json","statementMap":{},"fnMap":{},"branchMap":{},"s":{},"f":{},"b":{},"meta":{"lastBranch":0,"lastFunction":0,"lastStatement":0,"seen":{}}}
,"/home/giovani-coelho/Documentos/2025-2-OncoMap/Oncomap/frontend/src/data/estados/macroregions-ap-16.json": {"path":"/home/giovani-coelho/Documentos/2025-2-OncoMap/Oncomap/frontend/src/data/estados/macroregions-ap-16.json","statementMap":{},"fnMap":{},"branchMap":{},"s":{},"f":{},"b":{},"meta":{"lastBranch":0,"lastFunction":0,"lastStatement":0,"seen":{}}}
,"/home/giovani-coelho/Documentos/2025-2-OncoMap/Oncomap/frontend/src/data/estados/macroregions-ba-29.json": {"path":"/home/giovani-coelho/Documentos/2025-2-OncoMap/Oncomap/frontend/src/data/estados/macroregions-ba-29.json","statementMap":{},"fnMap":{},"branchMap":{},"s":{},"f":{},"b":{},"meta":{"lastBranch":0,"lastFunction":0,"lastStatement":0,"seen":{}}}
,"/home/giovani-coelho/Documentos/2025-2-OncoMap/Oncomap/frontend/src/data/estados/macroregions-ce-23.json": {"path":"/home/giovani-coelho/Documentos/2025-2-OncoMap/Oncomap/frontend/src/data/estados/macroregions-ce-23.json","statementMap":{},"fnMap":{},"branchMap":{},"s":{},"f":{},"b":{},"meta":{"lastBranch":0,"lastFunction":0,"lastStatement":0,"seen":{}}}
,"/home/giovani-coelho/Documentos/2025-2-OncoMap/Oncomap/frontend/src/data/estados/macroregions-df-53.json": {"path":"/home/giovani-coelho/Documentos/2025-2-OncoMap/Oncomap/frontend/src/data/estados/macroregions-df-53.json","statementMap":{},"fnMap":{},"branchMap":{},"s":{},"f":{},"b":{},"meta":{"lastBranch":0,"lastFunction":0,"lastStatement":0,"seen":{}}}
,"/home/giovani-coelho/Documentos/2025-2-OncoMap/Oncomap/frontend/src/data/estados/macroregions-es-32.json": {"path":"/home/giovani-coelho/Documentos/2025-2-OncoMap/Oncomap/frontend/src/data/estados/macroregions-es-32.json","statementMap":{},"fnMap":{},"branchMap":{},"s":{},"f":{},"b":{},"meta":{"lastBranch":0,"lastFunction":0,"lastStatement":0,"seen":{}}}
,"/home/giovani-coelho/Documentos/2025-2-OncoMap/Oncomap/frontend/src/data/estados/macroregions-go-52.json": {"path":"/home/giovani-coelho/Documentos/2025-2-OncoMap/Oncomap/frontend/src/data/estados/macroregions-go-52.json","statementMap":{},"fnMap":{},"branchMap":{},"s":{},"f":{},"b":{},"meta":{"lastBranch":0,"lastFunction":0,"lastStatement":0,"seen":{}}}
,"/home/giovani-coelho/Documentos/2025-2-OncoMap/Oncomap/frontend/src/data/estados/macroregions-ma-21.json": {"path":"/home/giovani-coelho/Documentos/2025-2-OncoMap/Oncomap/frontend/src/data/estados/macroregions-ma-21.json","statementMap":{},"fnMap":{},"branchMap":{},"s":{},"f":{},"b":{},"meta":{"lastBranch":0,"lastFunction":0,"lastStatement":0,"seen":{}}}
,"/home/giovani-coelho/Documentos/2025-2-OncoMap/Oncomap/frontend/src/data/estados/macroregions-mg-31.json": {"path":"/home/giovani-coelho/Documentos/2025-2-OncoMap/Oncomap/frontend/src/data/estados/macroregions-mg-31.json","statementMap":{},"fnMap":{},"branchMap":{},"s":{},"f":{},"b":{},"meta":{"lastBranch":0,"lastFunction":0,"lastStatement":0,"seen":{}}}
,"/home/giovani-coelho/Documentos/2025-2-OncoMap/Oncomap/frontend/src/data/estados/macroregions-ms-50.json": {"path":"/home/giovani-coelho/Documentos/2025-2-OncoMap/Oncomap/frontend/src/data/estados/macroregions-ms-50.json","statementMap":{},"fnMap":{},"branchMap":{},"s":{},"f":{},"b":{},"meta":{"lastBranch":0,"lastFunction":0,"lastStatement":0,"seen":{}}}
,"/home/giovani-coelho/Documentos/2025-2-OncoMap/Oncomap/frontend/src/data/estados/macroregions-mt-51.json": {"path":"/home/giovani-coelho/Documentos/2025-2-OncoMap/Oncomap/frontend/src/data/estados/macroregions-mt-51.json","statementMap":{},"fnMap":{},"branchMap":{},"s":{},"f":{},"b":{},"meta":{"lastBranch":0,"lastFunction":0,"lastStatement":0,"seen":{}}}
,"/home/giovani-coelho/Documentos/2025-2-OncoMap/Oncomap/frontend/src/data/estados/macroregions-pa-15.json": {"path":"/home/giovani-coelho/Documentos/2025-2-OncoMap/Oncomap/frontend/src/data/estados/macroregions-pa-15.json","statementMap":{},"fnMap":{},"branchMap":{},"s":{},"f":{},"b":{},"meta":{"lastBranch":0,"lastFunction":0,"lastStatement":0,"seen":{}}}
,"/home/giovani-coelho/Documentos/2025-2-OncoMap/Oncomap/frontend/src/data/estados/macroregions-pb-25.json": {"path":"/home/giovani-coelho/Documentos/2025-2-OncoMap/Oncomap/frontend/src/data/estados/macroregions-pb-25.json","statementMap":{},"fnMap":{},"branchMap":{},"s":{},"f":{},"b":{},"meta":{"lastBranch":0,"lastFunction":0,"lastStatement":0,"seen":{}}}
,"/home/giovani-coelho/Documentos/2025-2-OncoMap/Oncomap/frontend/src/data/estados/macroregions-pe-26.json": {"path":"/home/giovani-coelho/Documentos/2025-2-OncoMap/Oncomap/frontend/src/data/estados/macroregions-pe-26.json","statementMap":{},"fnMap":{},"branchMap":{},"s":{},"f":{},"b":{},"meta":{"lastBranch":0,"lastFunction":0,"lastStatement":0,"seen":{}}}
,"/home/giovani-coelho/Documentos/2025-2-OncoMap/Oncomap/frontend/src/data/estados/macroregions-pi-22.json": {"path":"/home/giovani-coelho/Documentos/2025-2-OncoMap/Oncomap/frontend/src/data/estados/macroregions-pi-22.json","statementMap":{},"fnMap":{},"branchMap":{},"s":{},"f":{},"b":{},"meta":{"lastBranch":0,"lastFunction":0,"lastStatement":0,"seen":{}}}
,"/home/giovani-coelho/Documentos/2025-2-OncoMap/Oncomap/frontend/src/data/estados/macroregions-pr-41.json": {"path":"/home/giovani-coelho/Documentos/2025-2-OncoMap/Oncomap/frontend/src/data/estados/macroregions-pr-41.json","statementMap":{},"fnMap":{},"branchMap":{},"s":{},"f":{},"b":{},"meta":{"lastBranch":0,"lastFunction":0,"lastStatement":0,"seen":{}}}
,"/home/giovani-coelho/Documentos/2025-2-OncoMap/Oncomap/frontend/src/data/estados/macroregions-rj-33.json": {"path":"/home/giovani-coelho/Documentos/2025-2-OncoMap/Oncomap/frontend/src/data/estados/macroregions-rj-33.json","statementMap":{},"fnMap":{},"branchMap":{},"s":{},"f":{},"b":{},"meta":{"lastBranch":0,"lastFunction":0,"lastStatement":0,"seen":{}}}
,"/home/giovani-coelho/Documentos/2025-2-OncoMap/Oncomap/frontend/src/data/estados/macroregions-rn-24.json": {"path":"/home/giovani-coelho/Documentos/2025-2-OncoMap/Oncomap/frontend/src/data/estados/macroregions-rn-24.json","statementMap":{},"fnMap":{},"branchMap":{},"s":{},"f":{},"b":{},"meta":{"lastBranch":0,"lastFunction":0,"lastStatement":0,"seen":{}}}
,"/home/giovani-coelho/Documentos/2025-2-OncoMap/Oncomap/frontend/src/data/estados/macroregions-ro-11.json": {"path":"/home/giovani-coelho/Documentos/2025-2-OncoMap/Oncomap/frontend/src/data/estados/macroregions-ro-11.json","statementMap":{},"fnMap":{},"branchMap":{},"s":{},"f":{},"b":{},"meta":{"lastBranch":0,"lastFunction":0,"lastStatement":0,"seen":{}}}
,"/home/giovani-coelho/Documentos/2025-2-OncoMap/Oncomap/frontend/src/data/estados/macroregions-rr-14.json": {"path":"/home/giovani-coelho/Documentos/2025-2-OncoMap/Oncomap/frontend/src/data/estados/macroregions-rr-14.json","statementMap":{},"fnMap":{},"branchMap":{},"s":{},"f":{},"b":{},"meta":{"lastBranch":0,"lastFunction":0,"lastStatement":0,"seen":{}}}
,"/home/giovani-coelho/Documentos/2025-2-OncoMap/Oncomap/frontend/src/data/estados/macroregions-rs-43.json": {"path":"/home/giovani-coelho/Documentos/2025-2-OncoMap/Oncomap/frontend/src/data/estados/macroregions-rs-43.json","statementMap":{},"fnMap":{},"branchMap":{},"s":{},"f":{},"b":{},"meta":{"lastBranch":0,"lastFunction":0,"lastStatement":0,"seen":{}}}
,"/home/giovani-coelho/Documentos/2025-2-OncoMap/Oncomap/frontend/src/data/estados/macroregions-sc-42.json": {"path":"/home/giovani-coelho/Documentos/2025-2-OncoMap/Oncomap/frontend/src/data/estados/macroregions-sc-42.json","statementMap":{},"fnMap":{},"branchMap":{},"s":{},"f":{},"b":{},"meta":{"lastBranch":0,"lastFunction":0,"lastStatement":0,"seen":{}}}
,"/home/giovani-coelho/Documentos/2025-2-OncoMap/Oncomap/frontend/src/data/estados/macroregions-se-28.json": {"path":"/home/giovani-coelho/Documentos/2025-2-OncoMap/Oncomap/frontend/src/data/estados/macroregions-se-28.json","statementMap":{},"fnMap":{},"branchMap":{},"s":{},"f":{},"b":{},"meta":{"lastBranch":0,"lastFunction":0,"lastStatement":0,"seen":{}}}
,"/home/giovani-coelho/Documentos/2025-2-OncoMap/Oncomap/frontend/src/data/estados/macroregions-sp-35.json": {"path":"/home/giovani-coelho/Documentos/2025-2-OncoMap/Oncomap/frontend/src/data/estados/macroregions-sp-35.json","statementMap":{},"fnMap":{},"branchMap":{},"s":{},"f":{},"b":{},"meta":{"lastBranch":0,"lastFunction":0,"lastStatement":0,"seen":{}}}
,"/home/giovani-coelho/Documentos/2025-2-OncoMap/Oncomap/frontend/src/data/estados/macroregions-to-17.json": {"path":"/home/giovani-coelho/Documentos/2025-2-OncoMap/Oncomap/frontend/src/data/estados/macroregions-to-17.json","statementMap":{},"fnMap":{},"branchMap":{},"s":{},"f":{},"b":{},"meta":{"lastBranch":0,"lastFunction":0,"lastStatement":0,"seen":{}}}
,"/home/giovani-coelho/Documentos/2025-2-OncoMap/Oncomap/frontend/src/pages/HomePage.tsx": {"path":"/home/giovani-coelho/Documentos/2025-2-OncoMap/Oncomap/frontend/src/pages/HomePage.tsx","statementMap":{"0":{"start":{"line":8,"column":17},"end":{"line":22,"column":null}}},"fnMap":{"0":{"name":"(anonymous_0)","decl":{"start":{"line":8,"column":17},"end":{"line":8,"column":null}},"loc":{"start":{"line":8,"column":17},"end":{"line":22,"column":null}},"line":8}},"branchMap":{},"s":{"0":1},"f":{"0":1},"b":{},"meta":{"lastBranch":0,"lastFunction":1,"lastStatement":1,"seen":{"s:8:17:22:Infinity":0,"f:8:17:8:Infinity":0}}}
,"/home/giovani-coelho/Documentos/2025-2-OncoMap/Oncomap/frontend/src/pages/MapaPage.tsx": {"path":"/home/giovani-coelho/Documentos/2025-2-OncoMap/Oncomap/frontend/src/pages/MapaPage.tsx","statementMap":{"0":{"start":{"line":12,"column":27},"end":{"line":121,"column":null}},"1":{"start":{"line":13,"column":45},"end":{"line":13,"column":null}},"2":{"start":{"line":14,"column":43},"end":{"line":14,"column":null}},"3":{"start":{"line":16,"column":43},"end":{"line":16,"column":null}},"4":{"start":{"line":18,"column":41},"end":{"line":18,"column":null}},"5":{"start":{"line":19,"column":37},"end":{"line":19,"column":null}},"6":{"start":{"line":21,"column":45},"end":{"line":21,"column":null}},"7":{"start":{"line":22,"column":59},"end":{"line":22,"column":null}},"8":{"start":{"line":24,"column":4},"end":{"line":47,"column":null}},"9":{"start":{"line":25,"column":32},"end":{"line":44,"column":null}},"10":{"start":{"line":26,"column":12},"end":{"line":29,"column":null}},"11":{"start":{"line":27,"column":16},"end":{"line":27,"column":null}},"12":{"start":{"line":28,"column":16},"end":{"line":28,"column":null}},"13":{"start":{"line":31,"column":12},"end":{"line":31,"column":null}},"14":{"start":{"line":32,"column":12},"end":{"line":32,"column":null}},"15":{"start":{"line":34,"column":12},"end":{"line":43,"column":null}},"16":{"start":{"line":35,"column":29},"end":{"line":35,"column":null}},"17":{"start":{"line":36,"column":16},"end":{"line":36,"column":null}},"18":{"start":{"line":38,"column":16},"end":{"line":38,"column":null}},"19":{"start":{"line":39,"column":16},"end":{"line":39,"column":null}},"20":{"start":{"line":40,"column":16},"end":{"line":40,"column":null}},"21":{"start":{"line":42,"column":16},"end":{"line":42,"column":null}},"22":{"start":{"line":46,"column":8},"end":{"line":46,"column":null}},"23":{"start":{"line":49,"column":36},"end":{"line":53,"column":null}},"24":{"start":{"line":50,"column":8},"end":{"line":50,"column":null}},"25":{"start":{"line":51,"column":8},"end":{"line":51,"column":null}},"26":{"start":{"line":52,"column":8},"end":{"line":52,"column":null}},"27":{"start":{"line":55,"column":35},"end":{"line":58,"column":null}},"28":{"start":{"line":56,"column":8},"end":{"line":56,"column":null}},"29":{"start":{"line":57,"column":8},"end":{"line":57,"column":null}},"30":{"start":{"line":87,"column":26},"end":{"line":87,"column":null}},"31":{"start":{"line":88,"column":26},"end":{"line":88,"column":null}},"32":{"start":{"line":106,"column":26},"end":{"line":106,"column":null}},"33":{"start":{"line":107,"column":26},"end":{"line":107,"column":null}},"34":{"start":{"line":108,"column":26},"end":{"line":108,"column":null}}},"fnMap":{"0":{"name":"(anonymous_0)","decl":{"start":{"line":12,"column":27},"end":{"line":12,"column":null}},"loc":{"start":{"line":12,"column":27},"end":{"line":121,"column":null}},"line":12},"1":{"name":"(anonymous_1)","decl":{"start":{"line":24,"column":14},"end":{"line":24,"column":null}},"loc":{"start":{"line":24,"column":14},"end":{"line":47,"column":7}},"line":24},"2":{"name":"(anonymous_2)","decl":{"start":{"line":25,"column":32},"end":{"line":25,"column":null}},"loc":{"start":{"line":25,"column":32},"end":{"line":44,"column":null}},"line":25},"3":{"name":"(anonymous_3)","decl":{"start":{"line":49,"column":36},"end":{"line":49,"column":37}},"loc":{"start":{"line":49,"column":37},"end":{"line":53,"column":null}},"line":49},"4":{"name":"(anonymous_4)","decl":{"start":{"line":55,"column":35},"end":{"line":55,"column":36}},"loc":{"start":{"line":55,"column":36},"end":{"line":58,"column":null}},"line":55},"5":{"name":"(anonymous_5)","decl":{"start":{"line":86,"column":39},"end":{"line":86,"column":null}},"loc":{"start":{"line":86,"column":39},"end":{"line":89,"column":25}},"line":86},"6":{"name":"(anonymous_6)","decl":{"start":{"line":105,"column":33},"end":{"line":105,"column":null}},"loc":{"start":{"line":105,"column":33},"end":{"line":109,"column":null}},"line":105}},"branchMap":{"0":{"loc":{"start":{"line":26,"column":12},"end":{"line":29,"column":null}},"type":"if","locations":[{"start":{"line":26,"column":12},"end":{"line":29,"column":null}},{"start":{},"end":{}}],"line":26},"1":{"loc":{"start":{"line":63,"column":28},"end":{"line":63,"column":null}},"type":"cond-expr","locations":[{"start":{"line":63,"column":45},"end":{"line":63,"column":81}},{"start":{"line":63,"column":81},"end":{"line":63,"column":null}}],"line":63}},"s":{"0":1,"1":11,"2":11,"3":11,"4":11,"5":11,"6":11,"7":11,"8":11,"9":6,"10":6,"11":4,"12":4,"13":2,"14":2,"15":2,"16":2,"17":1,"18":1,"19":1,"20":1,"21":2,"22":6,"23":11,"24":2,"25":2,"26":2,"27":11,"28":0,"29":0,"30":1,"31":1,"32":0,"33":0,"34":0},"f":{"0":11,"1":6,"2":6,"3":2,"4":0,"5":1,"6":0},"b":{"0":[4,2],"1":[6,5]},"meta":{"lastBranch":2,"lastFunction":7,"lastStatement":35,"seen":{"s:12:27:121:Infinity":0,"f:12:27:12:Infinity":0,"s:13:45:13:Infinity":1,"s:14:43:14:Infinity":2,"s:16:43:16:Infinity":3,"s:18:41:18:Infinity":4,"s:19:37:19:Infinity":5,"s:21:45:21:Infinity":6,"s:22:59:22:Infinity":7,"s:24:4:47:Infinity":8,"f:24:14:24:Infinity":1,"s:25:32:44:Infinity":9,"f:25:32:25:Infinity":2,"b:26:12:29:Infinity:undefined:undefined:undefined:undefined":0,"s:26:12:29:Infinity":10,"s:27:16:27:Infinity":11,"s:28:16:28:Infinity":12,"s:31:12:31:Infinity":13,"s:32:12:32:Infinity":14,"s:34:12:43:Infinity":15,"s:35:29:35:Infinity":16,"s:36:16:36:Infinity":17,"s:38:16:38:Infinity":18,"s:39:16:39:Infinity":19,"s:40:16:40:Infinity":20,"s:42:16:42:Infinity":21,"s:46:8:46:Infinity":22,"s:49:36:53:Infinity":23,"f:49:36:49:37":3,"s:50:8:50:Infinity":24,"s:51:8:51:Infinity":25,"s:52:8:52:Infinity":26,"s:55:35:58:Infinity":27,"f:55:35:55:36":4,"s:56:8:56:Infinity":28,"s:57:8:57:Infinity":29,"b:63:45:63:81:63:81:63:Infinity":1,"f:86:39:86:Infinity":5,"s:87:26:87:Infinity":30,"s:88:26:88:Infinity":31,"f:105:33:105:Infinity":6,"s:106:26:106:Infinity":32,"s:107:26:107:Infinity":33,"s:108:26:108:Infinity":34}}}
,"/home/giovani-coelho/Documentos/2025-2-OncoMap/Oncomap/frontend/src/services/api.ts": {"path":"/home/giovani-coelho/Documentos/2025-2-OncoMap/Oncomap/frontend/src/services/api.ts","statementMap":{"0":{"start":{"line":2,"column":24},"end":{"line":2,"column":null}},"1":{"start":{"line":4,"column":27},"end":{"line":10,"column":null}}},"fnMap":{},"branchMap":{"0":{"loc":{"start":{"line":2,"column":24},"end":{"line":2,"column":null}},"type":"binary-expr","locations":[{"start":{"line":2,"column":24},"end":{"line":2,"column":52}},{"start":{"line":2,"column":56},"end":{"line":2,"column":null}}],"line":2}},"s":{"0":1,"1":1},"f":{},"b":{"0":[1,1]},"meta":{"lastBranch":1,"lastFunction":0,"lastStatement":2,"seen":{"s:2:24:2:Infinity":0,"b:2:24:2:52:2:56:2:Infinity":0,"s:4:27:10:Infinity":1}}}
,"/home/giovani-coelho/Documentos/2025-2-OncoMap/Oncomap/frontend/src/services/mapService.ts": {"path":"/home/giovani-coelho/Documentos/2025-2-OncoMap/Oncomap/frontend/src/services/mapService.ts","statementMap":{"0":{"start":{"line":12,"column":26},"end":{"line":35,"column":null}},"1":{"start":{"line":15,"column":21},"end":{"line":15,"column":null}},"2":{"start":{"line":16,"column":4},"end":{"line":16,"column":null}},"3":{"start":{"line":20,"column":23},"end":{"line":20,"column":null}},"4":{"start":{"line":21,"column":21},"end":{"line":21,"column":null}},"5":{"start":{"line":22,"column":4},"end":{"line":22,"column":null}},"6":{"start":{"line":26,"column":21},"end":{"line":26,"column":null}},"7":{"start":{"line":27,"column":4},"end":{"line":27,"column":null}},"8":{"start":{"line":32,"column":21},"end":{"line":32,"column":null}},"9":{"start":{"line":33,"column":4},"end":{"line":33,"column":null}}},"fnMap":{"0":{"name":"(anonymous_0)","decl":{"start":{"line":14,"column":15},"end":{"line":14,"column":null}},"loc":{"start":{"line":14,"column":15},"end":{"line":17,"column":null}},"line":14},"1":{"name":"(anonymous_1)","decl":{"start":{"line":19,"column":18},"end":{"line":19,"column":25}},"loc":{"start":{"line":19,"column":25},"end":{"line":23,"column":null}},"line":19},"2":{"name":"(anonymous_2)","decl":{"start":{"line":25,"column":24},"end":{"line":25,"column":31}},"loc":{"start":{"line":25,"column":31},"end":{"line":28,"column":null}},"line":25},"3":{"name":"(anonymous_3)","decl":{"start":{"line":31,"column":21},"end":{"line":31,"column":28}},"loc":{"start":{"line":31,"column":28},"end":{"line":34,"column":null}},"line":31}},"branchMap":{},"s":{"0":1,"1":0,"2":0,"3":1,"4":1,"5":1,"6":1,"7":1,"8":1,"9":0},"f":{"0":0,"1":1,"2":1,"3":1},"b":{},"meta":{"lastBranch":0,"lastFunction":4,"lastStatement":10,"seen":{"s:12:26:35:Infinity":0,"f:14:15:14:Infinity":0,"s:15:21:15:Infinity":1,"s:16:4:16:Infinity":2,"f:19:18:19:25":1,"s:20:23:20:Infinity":3,"s:21:21:21:Infinity":4,"s:22:4:22:Infinity":5,"f:25:24:25:31":2,"s:26:21:26:Infinity":6,"s:27:4:27:Infinity":7,"f:31:21:31:28":3,"s:32:21:32:Infinity":8,"s:33:4:33:Infinity":9}}}
,"/home/giovani-coelho/Documentos/2025-2-OncoMap/Oncomap/frontend/src/style/Equipe.css": {"path":"/home/giovani-coelho/Documentos/2025-2-OncoMap/Oncomap/frontend/src/style/Equipe.css","statementMap":{},"fnMap":{},"branchMap":{},"s":{},"f":{},"b":{},"meta":{"lastBranch":0,"lastFunction":0,"lastStatement":0,"seen":{}}}
,"/home/giovani-coelho/Documentos/2025-2-OncoMap/Oncomap/frontend/src/style/Footer.css": {"path":"/home/giovani-coelho/Documentos/2025-2-OncoMap/Oncomap/frontend/src/style/Footer.css","statementMap":{},"fnMap":{},"branchMap":{},"s":{},"f":{},"b":{},"meta":{"lastBranch":0,"lastFunction":0,"lastStatement":0,"seen":{}}}
,"/home/giovani-coelho/Documentos/2025-2-OncoMap/Oncomap/frontend/src/style/Hero.css": {"path":"/home/giovani-coelho/Documentos/2025-2-OncoMap/Oncomap/frontend/src/style/Hero.css","statementMap":{},"fnMap":{},"branchMap":{},"s":{},"f":{},"b":{},"meta":{"lastBranch":0,"lastFunction":0,"lastStatement":0,"seen":{}}}
,"/home/giovani-coelho/Documentos/2025-2-OncoMap/Oncomap/frontend/src/style/HomePage.css": {"path":"/home/giovani-coelho/Documentos/2025-2-OncoMap/Oncomap/frontend/src/style/HomePage.css","statementMap":{},"fnMap":{},"branchMap":{},"s":{},"f":{},"b":{},"meta":{"lastBranch":0,"lastFunction":0,"lastStatement":0,"seen":{}}}
,"/home/giovani-coelho/Documentos/2025-2-OncoMap/Oncomap/frontend/src/style/MapaPage.css": {"path":"/home/giovani-coelho/Documentos/2025-2-OncoMap/Oncomap/frontend/src/style/MapaPage.css","statementMap":{},"fnMap":{},"branchMap":{},"s":{},"f":{},"b":{},"meta":{"lastBranch":0,"lastFunction":0,"lastStatement":0,"seen":{}}}
,"/home/giovani-coelho/Documentos/2025-2-OncoMap/Oncomap/frontend/src/style/Navbar.css": {"path":"/home/giovani-coelho/Documentos/2025-2-OncoMap/Oncomap/frontend/src/style/Navbar.css","statementMap":{},"fnMap":{},"branchMap":{},"s":{},"f":{},"b":{},"meta":{"lastBranch":0,"lastFunction":0,"lastStatement":0,"seen":{}}}
,"/home/giovani-coelho/Documentos/2025-2-OncoMap/Oncomap/frontend/src/style/PDFBotao.css": {"path":"/home/giovani-coelho/Documentos/2025-2-OncoMap/Oncomap/frontend/src/style/PDFBotao.css","statementMap":{},"fnMap":{},"branchMap":{},"s":{},"f":{},"b":{},"meta":{"lastBranch":0,"lastFunction":0,"lastStatement":0,"seen":{}}}
,"/home/giovani-coelho/Documentos/2025-2-OncoMap/Oncomap/frontend/src/style/SobreProjeto.css": {"path":"/home/giovani-coelho/Documentos/2025-2-OncoMap/Oncomap/frontend/src/style/SobreProjeto.css","statementMap":{},"fnMap":{},"branchMap":{},"s":{},"f":{},"b":{},"meta":{"lastBranch":0,"lastFunction":0,"lastStatement":0,"seen":{}}}
,"/home/giovani-coelho/Documentos/2025-2-OncoMap/Oncomap/frontend/src/style/Tabelainfo.css": {"path":"/home/giovani-coelho/Documentos/2025-2-OncoMap/Oncomap/frontend/src/style/Tabelainfo.css","statementMap":{},"fnMap":{},"branchMap":{},"s":{},"f":{},"b":{},"meta":{"lastBranch":0,"lastFunction":0,"lastStatement":0,"seen":{}}}
}
